<?xml version="1.0" encoding="utf-8"?>
<shfbBuild product="Sandcastle Help File Builder" version="2015.1.12.0" projectFile="D:\Workbench\Projectum\Nurielite\Documentation\sandcastle.shfbproj" started="06.06.2016 12:48:52">
<buildStep step="Initializing">
Finding tools...
The Sandcastle tools are located in &#39;C:\Program Files (x86)\EWSoftware\Sandcastle Help File Builder\&#39;
Searching for HTML Help 1 compiler...
Found HTML Help 1 compiler in &#39;C:\Program Files (x86)\HTML Help Workshop\&#39;
Locating components in the following folder(s):
   D:\Workbench\Projectum\Nurielite\Documentation
Using presentation style &#39;VS2013&#39; located in &#39;C:\Program Files (x86)\EWSoftware\Sandcastle Help File Builder\PresentationStyles\VS2013&#39;
Loading and initializing plug-ins...
Lightweight Website Style Version 2015.1.12.0
Copyright &#169; 2006-2015, Eric Woodruff, All Rights Reserved
Portions Copyright &#169; 2014, Sam Harwell, All Rights Reserved
</buildStep>
<buildStep step="ClearWorkFolder">
Clearing working folder...
</buildStep>
<buildStep step="ValidatingDocumentationSources">
Validating and copying documentation source information
Source: D:\Workbench\Projectum\Nurielite\Nurielite.csproj
    Found project &#39;D:\Workbench\Projectum\Nurielite\Nurielite.csproj&#39;

Parsing project files
    Found assembly &#39;D:\Workbench\Projectum\Nurielite\bin\Debug\Nurielite.exe&#39;
SHFB: Warning BE0007: A project with a different or higher framework version was found.  Changing project FrameworkVersion property from &#39;.NET Framework 4.0&#39; to &#39;.NET Framework 4.5&#39; for the build.

References to include (excluding framework assemblies):
    D:\Workbench\Projectum\Nurielite\bin\Debug\Nurielite.exe
    IronPython
    IronPython.Modules
    IronPython.SQLite
    IronPython.Wpf
    Microsoft.Dynamic
    Microsoft.Scripting
    Microsoft.Scripting.AspNet
    Microsoft.Scripting.Metadata

Copying XML comments files
    D:\Workbench\Projectum\Nurielite\bin\Debug\Nurielite.XML -&gt; D:\Workbench\Projectum\Nurielite\Documentation\Help\Working\Nurielite.XML
</buildStep>
<buildStep step="GenerateSharedContent">
Generating shared content files (en-US, English (United States))...
<plugIn name="Lightweight Website Style" behavior="After" priority="1000">
</plugIn>    Last step completed in 00:00:00.0800
</buildStep>
<buildStep step="GenerateApiFilter">
Generating API filter for MRefBuilder...
    Last step completed in 00:00:00.0050
</buildStep>
<buildStep step="GenerateReflectionInfo">
Generating reflection information...
[C:\Windows\Microsoft.NET\Framework64\v4.0.30319\MSBuild.exe]
Build started 06.06.2016 12:48:53.
Project &quot;D:\Workbench\Projectum\Nurielite\Documentation\Help\Working\GenerateRefInfo.proj&quot; on node 1 (default targets).
PrepareForBuild:
  Creating directory &quot;obj\Debug\&quot;.
GenerateRefInfo:
  MRefBuilder (v2015.1.12.0)
  Copyright c 2006-2015, Microsoft Corporation, All Rights Reserved.
  Portions Copyright c 2006-2014, Eric Woodruff, All Rights Reserved.
  Loaded 1 assemblies for reflection and 10 dependency assemblies.
  Wrote information on 1 namespaces, 15 types, and 126 members
  Copying file from &quot;reflection.org&quot; to &quot;reflection.all&quot;.
  XslTransform (v2015.1.12.0)
  Copyright c 2006-2015, Microsoft Corporation, All Rights Reserved.
  Portions Copyright c 2006-2014, Eric Woodruff, All Rights Reserved.
  Applying XSL transformation &#39;C:\Program Files (x86)\EWSoftware\Sandcastle Help File Builder\ProductionTransforms\MergeDuplicates.xsl&#39;.
Done Building Project &quot;D:\Workbench\Projectum\Nurielite\Documentation\Help\Working\GenerateRefInfo.proj&quot; (default targets).

Build succeeded.

Time Elapsed 00:00:02.40
    Last step completed in 00:00:02.8369
</buildStep>
<buildStep step="TransformReflectionInfo">
Transforming reflection output...
[C:\Windows\Microsoft.NET\Framework64\v4.0.30319\MSBuild.exe]
Build started 06.06.2016 12:48:56.
Project &quot;D:\Workbench\Projectum\Nurielite\Documentation\Help\Working\TransformManifest.proj&quot; on node 1 (default targets).
TransformManifest:
  XslTransform (v2015.1.12.0)
  Copyright c 2006-2015, Microsoft Corporation, All Rights Reserved.
  Portions Copyright c 2006-2014, Eric Woodruff, All Rights Reserved.
  Applying XSL transformation &#39;C:\Program Files (x86)\EWSoftware\Sandcastle Help File Builder\ProductionTransforms\ApplyVSDocModel.xsl&#39;.
  Copying file from &quot;reflection.xml&quot; to &quot;reflection.nofilenames&quot;.
  XslTransform (v2015.1.12.0)
  Copyright c 2006-2015, Microsoft Corporation, All Rights Reserved.
  Portions Copyright c 2006-2014, Eric Woodruff, All Rights Reserved.
  Applying XSL transformation &#39;C:\Program Files (x86)\EWSoftware\Sandcastle Help File Builder\ProductionTransforms\AddFilenames.xsl&#39;.
  XslTransform (v2015.1.12.0)
  Copyright c 2006-2015, Microsoft Corporation, All Rights Reserved.
  Portions Copyright c 2006-2014, Eric Woodruff, All Rights Reserved.
  Applying XSL transformation &#39;C:\Program Files (x86)\EWSoftware\Sandcastle Help File Builder\ProductionTransforms\ReflectionToManifest.xsl&#39;.
Done Building Project &quot;D:\Workbench\Projectum\Nurielite\Documentation\Help\Working\TransformManifest.proj&quot; (default targets).

Build succeeded.

Time Elapsed 00:00:02.94
    Last step completed in 00:00:03.3291
</buildStep>
<buildStep step="GenerateNamespaceSummaries">
Generating namespace summary information...
    Last step completed in 00:00:00.0926
</buildStep>
<buildStep step="CopyAdditionalContent">
Copying additional content files...
No additional content to copy
    Last step completed in 00:00:00.0090
</buildStep>
<buildStep step="MergeTablesOfContents">
Merging conceptual and additional tables of contents...
    Last step completed in 00:00:00.0035
</buildStep>
<buildStep step="GenerateIntermediateTableOfContents">
Generating intermediate table of contents file...
[C:\Windows\Microsoft.NET\Framework64\v4.0.30319\MSBuild.exe]
Build started 06.06.2016 12:48:59.
Project &quot;D:\Workbench\Projectum\Nurielite\Documentation\Help\Working\GenerateIntermediateTOC.proj&quot; on node 1 (default targets).
GenerateIntermediateTOC:
  XslTransform (v2015.1.12.0)
  Copyright c 2006-2015, Microsoft Corporation, All Rights Reserved.
  Portions Copyright c 2006-2014, Eric Woodruff, All Rights Reserved.
  Applying XSL transformation &#39;C:\Program Files (x86)\EWSoftware\Sandcastle Help File Builder\ProductionTransforms\CreateVSToc.xsl&#39;.
Done Building Project &quot;D:\Workbench\Projectum\Nurielite\Documentation\Help\Working\GenerateIntermediateTOC.proj&quot; (default targets).

Build succeeded.

Time Elapsed 00:00:00.95
Generating conceptual content intermediate TOC file...
    Last step completed in 00:00:01.2153
</buildStep>
<buildStep step="CreateBuildAssemblerConfigs">
Creating Sandcastle configuration files...
    sandcastle.config
    Last step completed in 00:00:00.4489
</buildStep>
<buildStep step="MergeCustomConfigs">
Merging custom build component configurations
D:\Workbench\Projectum\Nurielite\Documentation\Help\Working\sandcastle.config
    Last step completed in 00:00:00.0490
</buildStep>
<buildStep step="BuildReferenceTopics">
Building reference help topics...
[C:\Windows\Microsoft.NET\Framework64\v4.0.30319\MSBuild.exe]
Build started 06.06.2016 12:49:01.
Project &quot;D:\Workbench\Projectum\Nurielite\Documentation\Help\Working\BuildReferenceTopics.proj&quot; on node 1 (default targets).
BuildReferenceTopics:
  BuildAssembler (v2015.1.12.0)
  Copyright c 2006-2015, Microsoft Corporation, All Rights Reserved.
  Portions Copyright c 2006-2014, Eric Woodruff, All Rights Reserved.
  Loading configuration...
  ResolveReferenceLinksComponent: The MSDN content ID cache &#39;C:\Users\Darkar\AppData\Local\EWSoftware\Sandcastle Help File Builder\Cache\MsdnContentId.cache&#39; does not exist yet.  All IDs will be looked up in this build which will slow it down.
  Processing topics...
BuildAssembler : warning : ShowMissingComponent: [N:Nurielite] Missing &lt;summary&gt; documentation [D:\Workbench\Projectum\Nurielite\Documentation\Help\Working\BuildReferenceTopics.proj]
BuildAssembler : warning : ShowMissingComponent: [T:Nurielite.Block] Missing &lt;summary&gt; documentation [D:\Workbench\Projectum\Nurielite\Documentation\Help\Working\BuildReferenceTopics.proj]
BuildAssembler : warning : ShowMissingComponent: [M:Nurielite.Block.#ctor(Nurielite.Datatype[],Nurielite.Datatype[],System.String,System.String,System.Windows.Media.Color)] Missing &lt;param name=&quot;inputs&quot;/&gt; documentation [D:\Workbench\Projectum\Nurielite\Documentation\Help\Working\BuildReferenceTopics.proj]
BuildAssembler : warning : ShowMissingComponent: [M:Nurielite.Block.#ctor(Nurielite.Datatype[],Nurielite.Datatype[],System.String,System.String,System.Windows.Media.Color)] Missing &lt;param name=&quot;outputs&quot;/&gt; documentation [D:\Workbench\Projectum\Nurielite\Documentation\Help\Working\BuildReferenceTopics.proj]
BuildAssembler : warning : ShowMissingComponent: [M:Nurielite.Block.#ctor(Nurielite.Datatype[],Nurielite.Datatype[],System.String,System.String,System.Windows.Media.Color)] Missing &lt;param name=&quot;name&quot;/&gt; documentation [D:\Workbench\Projectum\Nurielite\Documentation\Help\Working\BuildReferenceTopics.proj]
BuildAssembler : warning : ShowMissingComponent: [M:Nurielite.Block.#ctor(Nurielite.Datatype[],Nurielite.Datatype[],System.String,System.String,System.Windows.Media.Color)] Missing &lt;param name=&quot;family&quot;/&gt; documentation [D:\Workbench\Projectum\Nurielite\Documentation\Help\Working\BuildReferenceTopics.proj]
BuildAssembler : warning : ShowMissingComponent: [M:Nurielite.Block.#ctor(Nurielite.Datatype[],Nurielite.Datatype[],System.String,System.String,System.Windows.Media.Color)] Missing &lt;param name=&quot;color&quot;/&gt; documentation [D:\Workbench\Projectum\Nurielite\Documentation\Help\Working\BuildReferenceTopics.proj]
BuildAssembler : warning : ShowMissingComponent: [F:Nurielite.Block.ALGORITHM_TYPES] Missing &lt;summary&gt; documentation [D:\Workbench\Projectum\Nurielite\Documentation\Help\Working\BuildReferenceTopics.proj]
BuildAssembler : warning : ShowMissingComponent: [M:Nurielite.Block.FindType(System.String)] Missing &lt;summary&gt; documentation [D:\Workbench\Projectum\Nurielite\Documentation\Help\Working\BuildReferenceTopics.proj]
BuildAssembler : warning : ShowMissingComponent: [M:Nurielite.Block.FindType(System.String)] Missing &lt;returns&gt; documentation [D:\Workbench\Projectum\Nurielite\Documentation\Help\Working\BuildReferenceTopics.proj]
BuildAssembler : warning : ShowMissingComponent: [M:Nurielite.Block.FindType(System.String)] Missing &lt;param name=&quot;type&quot;/&gt; documentation [D:\Workbench\Projectum\Nurielite\Documentation\Help\Working\BuildReferenceTopics.proj]
BuildAssembler : warning : ShowMissingComponent: [M:Nurielite.Block.getAlgorithm] Missing &lt;summary&gt; documentation [D:\Workbench\Projectum\Nurielite\Documentation\Help\Working\BuildReferenceTopics.proj]
BuildAssembler : warning : ShowMissingComponent: [M:Nurielite.Block.getAlgorithm] Missing &lt;returns&gt; documentation [D:\Workbench\Projectum\Nurielite\Documentation\Help\Working\BuildReferenceTopics.proj]
BuildAssembler : warning : ShowMissingComponent: [M:Nurielite.Block.getFamily] Missing &lt;summary&gt; documentation [D:\Workbench\Projectum\Nurielite\Documentation\Help\Working\BuildReferenceTopics.proj]
BuildAssembler : warning : ShowMissingComponent: [M:Nurielite.Block.getFamily] Missing &lt;returns&gt; documentation [D:\Workbench\Projectum\Nurielite\Documentation\Help\Working\BuildReferenceTopics.proj]
BuildAssembler : warning : ShowMissingComponent: [M:Nurielite.Block.getGraphic] Missing &lt;summary&gt; documentation [D:\Workbench\Projectum\Nurielite\Documentation\Help\Working\BuildReferenceTopics.proj]
BuildAssembler : warning : ShowMissingComponent: [M:Nurielite.Block.getGraphic] Missing &lt;returns&gt; documentation [D:\Workbench\Projectum\Nurielite\Documentation\Help\Working\BuildReferenceTopics.proj]
BuildAssembler : warning : ShowMissingComponent: [M:Nurielite.Block.getID] Missing &lt;summary&gt; documentation [D:\Workbench\Projectum\Nurielite\Documentation\Help\Working\BuildReferenceTopics.proj]
BuildAssembler : warning : ShowMissingComponent: [M:Nurielite.Block.getID] Missing &lt;returns&gt; documentation [D:\Workbench\Projectum\Nurielite\Documentation\Help\Working\BuildReferenceTopics.proj]
BuildAssembler : warning : ShowMissingComponent: [M:Nurielite.Block.getName] Missing &lt;summary&gt; documentation [D:\Workbench\Projectum\Nurielite\Documentation\Help\Working\BuildReferenceTopics.proj]
BuildAssembler : warning : ShowMissingComponent: [M:Nurielite.Block.getName] Missing &lt;returns&gt; documentation [D:\Workbench\Projectum\Nurielite\Documentation\Help\Working\BuildReferenceTopics.proj]
BuildAssembler : warning : ShowMissingComponent: [M:Nurielite.Block.getNodes] Missing &lt;summary&gt; documentation [D:\Workbench\Projectum\Nurielite\Documentation\Help\Working\BuildReferenceTopics.proj]
BuildAssembler : warning : ShowMissingComponent: [M:Nurielite.Block.getNodes] Missing &lt;returns&gt; documentation [D:\Workbench\Projectum\Nurielite\Documentation\Help\Working\BuildReferenceTopics.proj]
BuildAssembler : warning : ShowMissingComponent: [M:Nurielite.Block.getOutgoing] Missing &lt;summary&gt; documentation [D:\Workbench\Projectum\Nurielite\Documentation\Help\Working\BuildReferenceTopics.proj]
BuildAssembler : warning : ShowMissingComponent: [M:Nurielite.Block.getOutgoing] Missing &lt;returns&gt; documentation [D:\Workbench\Projectum\Nurielite\Documentation\Help\Working\BuildReferenceTopics.proj]
BuildAssembler : warning : ShowMissingComponent: [M:Nurielite.Block.getVersion] Missing &lt;summary&gt; documentation [D:\Workbench\Projectum\Nurielite\Documentation\Help\Working\BuildReferenceTopics.proj]
BuildAssembler : warning : ShowMissingComponent: [M:Nurielite.Block.getVersion] Missing &lt;returns&gt; documentation [D:\Workbench\Projectum\Nurielite\Documentation\Help\Working\BuildReferenceTopics.proj]
BuildAssembler : warning : ShowMissingComponent: [M:Nurielite.Block.name] Missing &lt;summary&gt; documentation [D:\Workbench\Projectum\Nurielite\Documentation\Help\Working\BuildReferenceTopics.proj]
BuildAssembler : warning : ShowMissingComponent: [P:Nurielite.Block.Name] Missing &lt;summary&gt; documentation [D:\Workbench\Projectum\Nurielite\Documentation\Help\Working\BuildReferenceTopics.proj]
BuildAssembler : warning : ShowMissingComponent: [M:Nurielite.Block.setFamily(System.String)] Missing &lt;summary&gt; documentation [D:\Workbench\Projectum\Nurielite\Documentation\Help\Working\BuildReferenceTopics.proj]
BuildAssembler : warning : ShowMissingComponent: [M:Nurielite.Block.setFamily(System.String)] Missing &lt;param name=&quot;family&quot;/&gt; documentation [D:\Workbench\Projectum\Nurielite\Documentation\Help\Working\BuildReferenceTopics.proj]
BuildAssembler : warning : ShowMissingComponent: [M:Nurielite.Block.setName(System.String)] Missing &lt;summary&gt; documentation [D:\Workbench\Projectum\Nurielite\Documentation\Help\Working\BuildReferenceTopics.proj]
BuildAssembler : warning : ShowMissingComponent: [M:Nurielite.Block.setName(System.String)] Missing &lt;param name=&quot;name&quot;/&gt; documentation [D:\Workbench\Projectum\Nurielite\Documentation\Help\Working\BuildReferenceTopics.proj]
BuildAssembler : warning : ShowMissingComponent: [M:Nurielite.BlockGraphic.#ctor(Nurielite.Block,System.Int32,System.Int32,System.Windows.Media.Color)] Missing &lt;param name=&quot;parent&quot;/&gt; documentation [D:\Workbench\Projectum\Nurielite\Documentation\Help\Working\BuildReferenceTopics.proj]
BuildAssembler : warning : ShowMissingComponent: [M:Nurielite.BlockGraphic.#ctor(Nurielite.Block,System.Int32,System.Int32,System.Windows.Media.Color)] Missing &lt;param name=&quot;numIn&quot;/&gt; documentation [D:\Workbench\Projectum\Nurielite\Documentation\Help\Working\BuildReferenceTopics.proj]
BuildAssembler : warning : ShowMissingComponent: [M:Nurielite.BlockGraphic.#ctor(Nurielite.Block,System.Int32,System.Int32,System.Windows.Media.Color)] Missing &lt;param name=&quot;numOut&quot;/&gt; documentation [D:\Workbench\Projectum\Nurielite\Documentation\Help\Working\BuildReferenceTopics.proj]
BuildAssembler : warning : ShowMissingComponent: [M:Nurielite.BlockGraphic.#ctor(Nurielite.Block,System.Int32,System.Int32,System.Windows.Media.Color)] Missing &lt;param name=&quot;color&quot;/&gt; documentation [D:\Workbench\Projectum\Nurielite\Documentation\Help\Working\BuildReferenceTopics.proj]
BuildAssembler : warning : ShowMissingComponent: [P:Nurielite.BlockGraphic.BaseColor] Missing &lt;summary&gt; documentation [D:\Workbench\Projectum\Nurielite\Documentation\Help\Working\BuildReferenceTopics.proj]
BuildAssembler : warning : ShowMissingComponent: [P:Nurielite.BlockGraphic.CurrentX] Missing &lt;summary&gt; documentation [D:\Workbench\Projectum\Nurielite\Documentation\Help\Working\BuildReferenceTopics.proj]
BuildAssembler : warning : ShowMissingComponent: [P:Nurielite.BlockGraphic.CurrentY] Missing &lt;summary&gt; documentation [D:\Workbench\Projectum\Nurielite\Documentation\Help\Working\BuildReferenceTopics.proj]
BuildAssembler : warning : ShowMissingComponent: [M:Nurielite.BlockGraphic.evt_MouseDown(System.Object,System.Windows.Input.MouseButtonEventArgs)] Missing &lt;summary&gt; documentation [D:\Workbench\Projectum\Nurielite\Documentation\Help\Working\BuildReferenceTopics.proj]
BuildAssembler : warning : ShowMissingComponent: [M:Nurielite.BlockGraphic.evt_MouseDown(System.Object,System.Windows.Input.MouseButtonEventArgs)] Missing &lt;param name=&quot;sender&quot;/&gt; documentation [D:\Workbench\Projectum\Nurielite\Documentation\Help\Working\BuildReferenceTopics.proj]
BuildAssembler : warning : ShowMissingComponent: [M:Nurielite.BlockGraphic.evt_MouseDown(System.Object,System.Windows.Input.MouseButtonEventArgs)] Missing &lt;param name=&quot;e&quot;/&gt; documentation [D:\Workbench\Projectum\Nurielite\Documentation\Help\Working\BuildReferenceTopics.proj]
BuildAssembler : warning : ShowMissingComponent: [M:Nurielite.BlockGraphic.evt_MouseMove(System.Object,System.Windows.Input.MouseEventArgs)] Missing &lt;summary&gt; documentation [D:\Workbench\Projectum\Nurielite\Documentation\Help\Working\BuildReferenceTopics.proj]
BuildAssembler : warning : ShowMissingComponent: [M:Nurielite.BlockGraphic.evt_MouseMove(System.Object,System.Windows.Input.MouseEventArgs)] Missing &lt;param name=&quot;sender&quot;/&gt; documentation [D:\Workbench\Projectum\Nurielite\Documentation\Help\Working\BuildReferenceTopics.proj]
BuildAssembler : warning : ShowMissingComponent: [M:Nurielite.BlockGraphic.evt_MouseMove(System.Object,System.Windows.Input.MouseEventArgs)] Missing &lt;param name=&quot;e&quot;/&gt; documentation [D:\Workbench\Projectum\Nurielite\Documentation\Help\Working\BuildReferenceTopics.proj]
BuildAssembler : warning : ShowMissingComponent: [M:Nurielite.BlockGraphic.evt_MouseUp(System.Object,System.Windows.Input.MouseEventArgs)] Missing &lt;summary&gt; documentation [D:\Workbench\Projectum\Nurielite\Documentation\Help\Working\BuildReferenceTopics.proj]
BuildAssembler : warning : ShowMissingComponent: [M:Nurielite.BlockGraphic.evt_MouseUp(System.Object,System.Windows.Input.MouseEventArgs)] Missing &lt;param name=&quot;sender&quot;/&gt; documentation [D:\Workbench\Projectum\Nurielite\Documentation\Help\Working\BuildReferenceTopics.proj]
BuildAssembler : warning : ShowMissingComponent: [M:Nurielite.BlockGraphic.evt_MouseUp(System.Object,System.Windows.Input.MouseEventArgs)] Missing &lt;param name=&quot;e&quot;/&gt; documentation [D:\Workbench\Projectum\Nurielite\Documentation\Help\Working\BuildReferenceTopics.proj]
BuildAssembler : warning : ShowMissingComponent: [M:Nurielite.BlockGraphic.getNodeOffsetX(System.Boolean,System.Int32)] Missing &lt;summary&gt; documentation [D:\Workbench\Projectum\Nurielite\Documentation\Help\Working\BuildReferenceTopics.proj]
BuildAssembler : warning : ShowMissingComponent: [M:Nurielite.BlockGraphic.getNodeOffsetX(System.Boolean,System.Int32)] Missing &lt;returns&gt; documentation [D:\Workbench\Projectum\Nurielite\Documentation\Help\Working\BuildReferenceTopics.proj]
BuildAssembler : warning : ShowMissingComponent: [M:Nurielite.BlockGraphic.getNodeOffsetX(System.Boolean,System.Int32)] Missing &lt;param name=&quot;isInput&quot;/&gt; documentation [D:\Workbench\Projectum\Nurielite\Documentation\Help\Working\BuildReferenceTopics.proj]
BuildAssembler : warning : ShowMissingComponent: [M:Nurielite.BlockGraphic.getNodeOffsetX(System.Boolean,System.Int32)] Missing &lt;param name=&quot;groupNum&quot;/&gt; documentation [D:\Workbench\Projectum\Nurielite\Documentation\Help\Working\BuildReferenceTopics.proj]
BuildAssembler : warning : ShowMissingComponent: [M:Nurielite.BlockGraphic.getNodeOffsetY(System.Boolean)] Missing &lt;summary&gt; documentation [D:\Workbench\Projectum\Nurielite\Documentation\Help\Working\BuildReferenceTopics.proj]
BuildAssembler : warning : ShowMissingComponent: [M:Nurielite.BlockGraphic.getNodeOffsetY(System.Boolean)] Missing &lt;returns&gt; documentation [D:\Workbench\Projectum\Nurielite\Documentation\Help\Working\BuildReferenceTopics.proj]
BuildAssembler : warning : ShowMissingComponent: [M:Nurielite.BlockGraphic.getNodeOffsetY(System.Boolean)] Missing &lt;param name=&quot;isInput&quot;/&gt; documentation [D:\Workbench\Projectum\Nurielite\Documentation\Help\Working\BuildReferenceTopics.proj]
BuildAssembler : warning : ShowMissingComponent: [M:Nurielite.BlockGraphic.move(System.Double,System.Double)] Missing &lt;summary&gt; documentation [D:\Workbench\Projectum\Nurielite\Documentation\Help\Working\BuildReferenceTopics.proj]
BuildAssembler : warning : ShowMissingComponent: [M:Nurielite.BlockGraphic.move(System.Double,System.Double)] Missing &lt;param name=&quot;x&quot;/&gt; documentation [D:\Workbench\Projectum\Nurielite\Documentation\Help\Working\BuildReferenceTopics.proj]
BuildAssembler : warning : ShowMissingComponent: [M:Nurielite.BlockGraphic.move(System.Double,System.Double)] Missing &lt;param name=&quot;y&quot;/&gt; documentation [D:\Workbench\Projectum\Nurielite\Documentation\Help\Working\BuildReferenceTopics.proj]
BuildAssembler : warning : ShowMissingComponent: [P:Nurielite.BlockGraphic.Name] Missing &lt;summary&gt; documentation [D:\Workbench\Projectum\Nurielite\Documentation\Help\Working\BuildReferenceTopics.proj]
BuildAssembler : warning : ShowMissingComponent: [M:Nurielite.BlockGraphic.name_MouseDown(System.Object,System.Windows.Input.MouseButtonEventArgs)] Missing &lt;summary&gt; documentation [D:\Workbench\Projectum\Nurielite\Documentation\Help\Working\BuildReferenceTopics.proj]
BuildAssembler : warning : ShowMissingComponent: [M:Nurielite.BlockGraphic.name_MouseDown(System.Object,System.Windows.Input.MouseButtonEventArgs)] Missing &lt;param name=&quot;sender&quot;/&gt; documentation [D:\Workbench\Projectum\Nurielite\Documentation\Help\Working\BuildReferenceTopics.proj]
BuildAssembler : warning : ShowMissingComponent: [M:Nurielite.BlockGraphic.name_MouseDown(System.Object,System.Windows.Input.MouseButtonEventArgs)] Missing &lt;param name=&quot;e&quot;/&gt; documentation [D:\Workbench\Projectum\Nurielite\Documentation\Help\Working\BuildReferenceTopics.proj]
BuildAssembler : warning : ShowMissingComponent: [P:Nurielite.BlockGraphic.Parent] Missing &lt;summary&gt; documentation [D:\Workbench\Projectum\Nurielite\Documentation\Help\Working\BuildReferenceTopics.proj]
BuildAssembler : warning : ShowMissingComponent: [P:Nurielite.BlockGraphic.RelativeX] Missing &lt;summary&gt; documentation [D:\Workbench\Projectum\Nurielite\Documentation\Help\Working\BuildReferenceTopics.proj]
BuildAssembler : warning : ShowMissingComponent: [P:Nurielite.BlockGraphic.RelativeY] Missing &lt;summary&gt; documentation [D:\Workbench\Projectum\Nurielite\Documentation\Help\Working\BuildReferenceTopics.proj]
BuildAssembler : warning : ShowMissingComponent: [M:Nurielite.BlockGraphic.setDragging(System.Boolean)] Missing &lt;summary&gt; documentation [D:\Workbench\Projectum\Nurielite\Documentation\Help\Working\BuildReferenceTopics.proj]
BuildAssembler : warning : ShowMissingComponent: [M:Nurielite.BlockGraphic.setDragging(System.Boolean)] Missing &lt;param name=&quot;dragging&quot;/&gt; documentation [D:\Workbench\Projectum\Nurielite\Documentation\Help\Working\BuildReferenceTopics.proj]
BuildAssembler : warning : ShowMissingComponent: [T:Nurielite.Connection] Missing &lt;summary&gt; documentation [D:\Workbench\Projectum\Nurielite\Documentation\Help\Working\BuildReferenceTopics.proj]
BuildAssembler : warning : ShowMissingComponent: [M:Nurielite.Connection.#ctor(Nurielite.Nodule)] Missing &lt;param name=&quot;start&quot;/&gt; documentation [D:\Workbench\Projectum\Nurielite\Documentation\Help\Working\BuildReferenceTopics.proj]
BuildAssembler : warning : ShowMissingComponent: [M:Nurielite.Connection.completeConnection(Nurielite.Nodule)] Missing &lt;summary&gt; documentation [D:\Workbench\Projectum\Nurielite\Documentation\Help\Working\BuildReferenceTopics.proj]
BuildAssembler : warning : ShowMissingComponent: [M:Nurielite.Connection.completeConnection(Nurielite.Nodule)] Missing &lt;returns&gt; documentation [D:\Workbench\Projectum\Nurielite\Documentation\Help\Working\BuildReferenceTopics.proj]
BuildAssembler : warning : ShowMissingComponent: [M:Nurielite.Connection.completeConnection(Nurielite.Nodule)] Missing &lt;param name=&quot;other&quot;/&gt; documentation [D:\Workbench\Projectum\Nurielite\Documentation\Help\Working\BuildReferenceTopics.proj]
BuildAssembler : warning : ShowMissingComponent: [M:Nurielite.Connection.getEnd] Missing &lt;summary&gt; documentation [D:\Workbench\Projectum\Nurielite\Documentation\Help\Working\BuildReferenceTopics.proj]
BuildAssembler : warning : ShowMissingComponent: [M:Nurielite.Connection.getEnd] Missing &lt;returns&gt; documentation [D:\Workbench\Projectum\Nurielite\Documentation\Help\Working\BuildReferenceTopics.proj]
BuildAssembler : warning : ShowMissingComponent: [M:Nurielite.Connection.getGraphic] Missing &lt;summary&gt; documentation [D:\Workbench\Projectum\Nurielite\Documentation\Help\Working\BuildReferenceTopics.proj]
BuildAssembler : warning : ShowMissingComponent: [M:Nurielite.Connection.getGraphic] Missing &lt;returns&gt; documentation [D:\Workbench\Projectum\Nurielite\Documentation\Help\Working\BuildReferenceTopics.proj]
BuildAssembler : warning : ShowMissingComponent: [M:Nurielite.Connection.getInputNode] Missing &lt;summary&gt; documentation [D:\Workbench\Projectum\Nurielite\Documentation\Help\Working\BuildReferenceTopics.proj]
BuildAssembler : warning : ShowMissingComponent: [M:Nurielite.Connection.getInputNode] Missing &lt;returns&gt; documentation [D:\Workbench\Projectum\Nurielite\Documentation\Help\Working\BuildReferenceTopics.proj]
BuildAssembler : warning : ShowMissingComponent: [M:Nurielite.Connection.getOrigin] Missing &lt;summary&gt; documentation [D:\Workbench\Projectum\Nurielite\Documentation\Help\Working\BuildReferenceTopics.proj]
BuildAssembler : warning : ShowMissingComponent: [M:Nurielite.Connection.getOrigin] Missing &lt;returns&gt; documentation [D:\Workbench\Projectum\Nurielite\Documentation\Help\Working\BuildReferenceTopics.proj]
BuildAssembler : warning : ShowMissingComponent: [M:Nurielite.Connection.getOutputNode] Missing &lt;summary&gt; documentation [D:\Workbench\Projectum\Nurielite\Documentation\Help\Working\BuildReferenceTopics.proj]
BuildAssembler : warning : ShowMissingComponent: [M:Nurielite.Connection.getOutputNode] Missing &lt;returns&gt; documentation [D:\Workbench\Projectum\Nurielite\Documentation\Help\Working\BuildReferenceTopics.proj]
BuildAssembler : warning : ShowMissingComponent: [M:Nurielite.Connection.isComplete] Missing &lt;summary&gt; documentation [D:\Workbench\Projectum\Nurielite\Documentation\Help\Working\BuildReferenceTopics.proj]
BuildAssembler : warning : ShowMissingComponent: [M:Nurielite.Connection.isComplete] Missing &lt;returns&gt; documentation [D:\Workbench\Projectum\Nurielite\Documentation\Help\Working\BuildReferenceTopics.proj]
BuildAssembler : warning : ShowMissingComponent: [M:Nurielite.Connection.removeConnection] Missing &lt;summary&gt; documentation [D:\Workbench\Projectum\Nurielite\Documentation\Help\Working\BuildReferenceTopics.proj]
BuildAssembler : warning : ShowMissingComponent: [T:Nurielite.ConnectionGraphic] Missing &lt;summary&gt; documentation [D:\Workbench\Projectum\Nurielite\Documentation\Help\Working\BuildReferenceTopics.proj]
BuildAssembler : warning : ShowMissingComponent: [M:Nurielite.ConnectionGraphic.#ctor(Nurielite.Connection)] Missing &lt;param name=&quot;parent&quot;/&gt; documentation [D:\Workbench\Projectum\Nurielite\Documentation\Help\Working\BuildReferenceTopics.proj]
BuildAssembler : warning : ShowMissingComponent: [M:Nurielite.ConnectionGraphic.adjustFirstPoint(System.Int32,System.Int32)] Missing &lt;summary&gt; documentation [D:\Workbench\Projectum\Nurielite\Documentation\Help\Working\BuildReferenceTopics.proj]
BuildAssembler : warning : ShowMissingComponent: [M:Nurielite.ConnectionGraphic.adjustFirstPoint(System.Int32,System.Int32)] Missing &lt;param name=&quot;x&quot;/&gt; documentation [D:\Workbench\Projectum\Nurielite\Documentation\Help\Working\BuildReferenceTopics.proj]
BuildAssembler : warning : ShowMissingComponent: [M:Nurielite.ConnectionGraphic.adjustFirstPoint(System.Int32,System.Int32)] Missing &lt;param name=&quot;y&quot;/&gt; documentation [D:\Workbench\Projectum\Nurielite\Documentation\Help\Working\BuildReferenceTopics.proj]
BuildAssembler : warning : ShowMissingComponent: [M:Nurielite.ConnectionGraphic.adjustRelatedPoint(Nurielite.Nodule)] Missing &lt;summary&gt; documentation [D:\Workbench\Projectum\Nurielite\Documentation\Help\Working\BuildReferenceTopics.proj]
BuildAssembler : warning : ShowMissingComponent: [M:Nurielite.ConnectionGraphic.adjustRelatedPoint(Nurielite.Nodule)] Missing &lt;param name=&quot;node&quot;/&gt; documentation [D:\Workbench\Projectum\Nurielite\Documentation\Help\Working\BuildReferenceTopics.proj]
BuildAssembler : warning : ShowMissingComponent: [M:Nurielite.ConnectionGraphic.adjustSecondPoint(System.Int32,System.Int32)] Missing &lt;summary&gt; documentation [D:\Workbench\Projectum\Nurielite\Documentation\Help\Working\BuildReferenceTopics.proj]
BuildAssembler : warning : ShowMissingComponent: [M:Nurielite.ConnectionGraphic.adjustSecondPoint(System.Int32,System.Int32)] Missing &lt;param name=&quot;x&quot;/&gt; documentation [D:\Workbench\Projectum\Nurielite\Documentation\Help\Working\BuildReferenceTopics.proj]
BuildAssembler : warning : ShowMissingComponent: [M:Nurielite.ConnectionGraphic.adjustSecondPoint(System.Int32,System.Int32)] Missing &lt;param name=&quot;y&quot;/&gt; documentation [D:\Workbench\Projectum\Nurielite\Documentation\Help\Working\BuildReferenceTopics.proj]
BuildAssembler : warning : ShowMissingComponent: [M:Nurielite.ConnectionGraphic.evt_MouseDown(System.Object,System.Windows.Input.MouseEventArgs)] Missing &lt;summary&gt; documentation [D:\Workbench\Projectum\Nurielite\Documentation\Help\Working\BuildReferenceTopics.proj]
BuildAssembler : warning : ShowMissingComponent: [M:Nurielite.ConnectionGraphic.evt_MouseDown(System.Object,System.Windows.Input.MouseEventArgs)] Missing &lt;param name=&quot;sender&quot;/&gt; documentation [D:\Workbench\Projectum\Nurielite\Documentation\Help\Working\BuildReferenceTopics.proj]
BuildAssembler : warning : ShowMissingComponent: [M:Nurielite.ConnectionGraphic.evt_MouseDown(System.Object,System.Windows.Input.MouseEventArgs)] Missing &lt;param name=&quot;e&quot;/&gt; documentation [D:\Workbench\Projectum\Nurielite\Documentation\Help\Working\BuildReferenceTopics.proj]
BuildAssembler : warning : ShowMissingComponent: [M:Nurielite.ConnectionGraphic.evt_MouseMove(System.Object,System.Windows.Input.MouseEventArgs)] Missing &lt;summary&gt; documentation [D:\Workbench\Projectum\Nurielite\Documentation\Help\Working\BuildReferenceTopics.proj]
BuildAssembler : warning : ShowMissingComponent: [M:Nurielite.ConnectionGraphic.evt_MouseMove(System.Object,System.Windows.Input.MouseEventArgs)] Missing &lt;param name=&quot;sender&quot;/&gt; documentation [D:\Workbench\Projectum\Nurielite\Documentation\Help\Working\BuildReferenceTopics.proj]
BuildAssembler : warning : ShowMissingComponent: [M:Nurielite.ConnectionGraphic.evt_MouseMove(System.Object,System.Windows.Input.MouseEventArgs)] Missing &lt;param name=&quot;e&quot;/&gt; documentation [D:\Workbench\Projectum\Nurielite\Documentation\Help\Working\BuildReferenceTopics.proj]
BuildAssembler : warning : ShowMissingComponent: [M:Nurielite.ConnectionGraphic.finishVisualConnection(Nurielite.Nodule)] Missing &lt;summary&gt; documentation [D:\Workbench\Projectum\Nurielite\Documentation\Help\Working\BuildReferenceTopics.proj]
BuildAssembler : warning : ShowMissingComponent: [M:Nurielite.ConnectionGraphic.finishVisualConnection(Nurielite.Nodule)] Missing &lt;param name=&quot;n&quot;/&gt; documentation [D:\Workbench\Projectum\Nurielite\Documentation\Help\Working\BuildReferenceTopics.proj]
BuildAssembler : warning : ShowMissingComponent: [M:Nurielite.ConnectionGraphic.getParent] Missing &lt;summary&gt; documentation [D:\Workbench\Projectum\Nurielite\Documentation\Help\Working\BuildReferenceTopics.proj]
BuildAssembler : warning : ShowMissingComponent: [M:Nurielite.ConnectionGraphic.getParent] Missing &lt;returns&gt; documentation [D:\Workbench\Projectum\Nurielite\Documentation\Help\Working\BuildReferenceTopics.proj]
BuildAssembler : warning : ShowMissingComponent: [M:Nurielite.ConnectionGraphic.removeGraphic] Missing &lt;summary&gt; documentation [D:\Workbench\Projectum\Nurielite\Documentation\Help\Working\BuildReferenceTopics.proj]
BuildAssembler : warning : ShowMissingComponent: [M:Nurielite.ConnectionGraphic.setStrokeColor(System.Windows.Media.Color)] Missing &lt;summary&gt; documentation [D:\Workbench\Projectum\Nurielite\Documentation\Help\Working\BuildReferenceTopics.proj]
BuildAssembler : warning : ShowMissingComponent: [M:Nurielite.ConnectionGraphic.setStrokeColor(System.Windows.Media.Color)] Missing &lt;param name=&quot;color&quot;/&gt; documentation [D:\Workbench\Projectum\Nurielite\Documentation\Help\Working\BuildReferenceTopics.proj]
BuildAssembler : warning : ShowMissingComponent: [T:Nurielite.Datalabel] Missing &lt;summary&gt; documentation [D:\Workbench\Projectum\Nurielite\Documentation\Help\Working\BuildReferenceTopics.proj]
BuildAssembler : warning : ShowMissingComponent: [M:Nurielite.Datalabel.#ctor(System.Collections.ArrayList,System.Collections.ArrayList,System.Collections.ArrayList,System.Collections.ArrayList)] Missing &lt;param name=&quot;intLabels&quot;/&gt; documentation [D:\Workbench\Projectum\Nurielite\Documentation\Help\Working\BuildReferenceTopics.proj]
BuildAssembler : warning : ShowMissingComponent: [M:Nurielite.Datalabel.#ctor(System.Collections.ArrayList,System.Collections.ArrayList,System.Collections.ArrayList,System.Collections.ArrayList)] Missing &lt;param name=&quot;realLabels&quot;/&gt; documentation [D:\Workbench\Projectum\Nurielite\Documentation\Help\Working\BuildReferenceTopics.proj]
BuildAssembler : warning : ShowMissingComponent: [M:Nurielite.Datalabel.#ctor(System.Collections.ArrayList,System.Collections.ArrayList,System.Collections.ArrayList,System.Collections.ArrayList)] Missing &lt;param name=&quot;intLength&quot;/&gt; documentation [D:\Workbench\Projectum\Nurielite\Documentation\Help\Working\BuildReferenceTopics.proj]
BuildAssembler : warning : ShowMissingComponent: [M:Nurielite.Datalabel.#ctor(System.Collections.ArrayList,System.Collections.ArrayList,System.Collections.ArrayList,System.Collections.ArrayList)] Missing &lt;param name=&quot;realLength&quot;/&gt; documentation [D:\Workbench\Projectum\Nurielite\Documentation\Help\Working\BuildReferenceTopics.proj]
BuildAssembler : warning : ShowMissingComponent: [M:Nurielite.Datalabel.#ctor(System.Collections.Generic.List{System.String},System.Collections.Generic.List{System.String},System.Collections.Generic.List{System.Int32},System.Collections.Generic.List{System.Int32})] Missing &lt;param name=&quot;intLabels&quot;/&gt; documentation [D:\Workbench\Projectum\Nurielite\Documentation\Help\Working\BuildReferenceTopics.proj]
BuildAssembler : warning : ShowMissingComponent: [M:Nurielite.Datalabel.#ctor(System.Collections.Generic.List{System.String},System.Collections.Generic.List{System.String},System.Collections.Generic.List{System.Int32},System.Collections.Generic.List{System.Int32})] Missing &lt;param name=&quot;realLabels&quot;/&gt; documentation [D:\Workbench\Projectum\Nurielite\Documentation\Help\Working\BuildReferenceTopics.proj]
BuildAssembler : warning : ShowMissingComponent: [M:Nurielite.Datalabel.#ctor(System.Collections.Generic.List{System.String},System.Collections.Generic.List{System.String},System.Collections.Generic.List{System.Int32},System.Collections.Generic.List{System.Int32})] Missing &lt;param name=&quot;intLength&quot;/&gt; documentation [D:\Workbench\Projectum\Nurielite\Documentation\Help\Working\BuildReferenceTopics.proj]
BuildAssembler : warning : ShowMissingComponent: [M:Nurielite.Datalabel.#ctor(System.Collections.Generic.List{System.String},System.Collections.Generic.List{System.String},System.Collections.Generic.List{System.Int32},System.Collections.Generic.List{System.Int32})] Missing &lt;param name=&quot;realLength&quot;/&gt; documentation [D:\Workbench\Projectum\Nurielite\Documentation\Help\Working\BuildReferenceTopics.proj]
BuildAssembler : warning : ShowMissingComponent: [M:Nurielite.Datalabel.#ctor(System.String[],System.String[],System.Int32[],System.Int32[])] Missing &lt;param name=&quot;intLabels&quot;/&gt; documentation [D:\Workbench\Projectum\Nurielite\Documentation\Help\Working\BuildReferenceTopics.proj]
BuildAssembler : warning : ShowMissingComponent: [M:Nurielite.Datalabel.#ctor(System.String[],System.String[],System.Int32[],System.Int32[])] Missing &lt;param name=&quot;realLabels&quot;/&gt; documentation [D:\Workbench\Projectum\Nurielite\Documentation\Help\Working\BuildReferenceTopics.proj]
BuildAssembler : warning : ShowMissingComponent: [M:Nurielite.Datalabel.#ctor(System.String[],System.String[],System.Int32[],System.Int32[])] Missing &lt;param name=&quot;intLength&quot;/&gt; documentation [D:\Workbench\Projectum\Nurielite\Documentation\Help\Working\BuildReferenceTopics.proj]
BuildAssembler : warning : ShowMissingComponent: [M:Nurielite.Datalabel.#ctor(System.String[],System.String[],System.Int32[],System.Int32[])] Missing &lt;param name=&quot;realLength&quot;/&gt; documentation [D:\Workbench\Projectum\Nurielite\Documentation\Help\Working\BuildReferenceTopics.proj]
BuildAssembler : warning : ShowMissingComponent: [M:Nurielite.Datalabel.intLabel(System.Int32)] Missing &lt;summary&gt; documentation [D:\Workbench\Projectum\Nurielite\Documentation\Help\Working\BuildReferenceTopics.proj]
BuildAssembler : warning : ShowMissingComponent: [M:Nurielite.Datalabel.intLabel(System.Int32)] Missing &lt;returns&gt; documentation [D:\Workbench\Projectum\Nurielite\Documentation\Help\Working\BuildReferenceTopics.proj]
BuildAssembler : warning : ShowMissingComponent: [M:Nurielite.Datalabel.intLabel(System.Int32)] Missing &lt;param name=&quot;dex&quot;/&gt; documentation [D:\Workbench\Projectum\Nurielite\Documentation\Help\Working\BuildReferenceTopics.proj]
BuildAssembler : warning : ShowMissingComponent: [M:Nurielite.Datalabel.realLabel(System.Int32)] Missing &lt;summary&gt; documentation [D:\Workbench\Projectum\Nurielite\Documentation\Help\Working\BuildReferenceTopics.proj]
BuildAssembler : warning : ShowMissingComponent: [M:Nurielite.Datalabel.realLabel(System.Int32)] Missing &lt;returns&gt; documentation [D:\Workbench\Projectum\Nurielite\Documentation\Help\Working\BuildReferenceTopics.proj]
BuildAssembler : warning : ShowMissingComponent: [M:Nurielite.Datalabel.realLabel(System.Int32)] Missing &lt;param name=&quot;dex&quot;/&gt; documentation [D:\Workbench\Projectum\Nurielite\Documentation\Help\Working\BuildReferenceTopics.proj]
BuildAssembler : warning : ShowMissingComponent: [T:Nurielite.Datatype] Missing &lt;summary&gt; documentation [D:\Workbench\Projectum\Nurielite\Documentation\Help\Working\BuildReferenceTopics.proj]
BuildAssembler : warning : ShowMissingComponent: [M:Nurielite.Datatype.defineDatatype(System.String,System.Int32,System.Int32,Nurielite.Datalabel)] Missing &lt;summary&gt; documentation [D:\Workbench\Projectum\Nurielite\Documentation\Help\Working\BuildReferenceTopics.proj]
BuildAssembler : warning : ShowMissingComponent: [M:Nurielite.Datatype.defineDatatype(System.String,System.Int32,System.Int32,Nurielite.Datalabel)] Missing &lt;returns&gt; documentation [D:\Workbench\Projectum\Nurielite\Documentation\Help\Working\BuildReferenceTopics.proj]
BuildAssembler : warning : ShowMissingComponent: [M:Nurielite.Datatype.defineDatatype(System.String,System.Int32,System.Int32,Nurielite.Datalabel)] Missing &lt;param name=&quot;name&quot;/&gt; documentation [D:\Workbench\Projectum\Nurielite\Documentation\Help\Working\BuildReferenceTopics.proj]
BuildAssembler : warning : ShowMissingComponent: [M:Nurielite.Datatype.defineDatatype(System.String,System.Int32,System.Int32,Nurielite.Datalabel)] Missing &lt;param name=&quot;integer&quot;/&gt; documentation [D:\Workbench\Projectum\Nurielite\Documentation\Help\Working\BuildReferenceTopics.proj]
BuildAssembler : warning : ShowMissingComponent: [M:Nurielite.Datatype.defineDatatype(System.String,System.Int32,System.Int32,Nurielite.Datalabel)] Missing &lt;param name=&quot;real&quot;/&gt; documentation [D:\Workbench\Projectum\Nurielite\Documentation\Help\Working\BuildReferenceTopics.proj]
BuildAssembler : warning : ShowMissingComponent: [M:Nurielite.Datatype.defineDatatype(System.String,System.Int32,System.Int32,Nurielite.Datalabel)] Missing &lt;param name=&quot;label&quot;/&gt; documentation [D:\Workbench\Projectum\Nurielite\Documentation\Help\Working\BuildReferenceTopics.proj]
BuildAssembler : warning : ShowMissingComponent: [F:Nurielite.Datatype.Directory] Missing &lt;summary&gt; documentation [D:\Workbench\Projectum\Nurielite\Documentation\Help\Working\BuildReferenceTopics.proj]
BuildAssembler : warning : ShowMissingComponent: [M:Nurielite.Datatype.equals(Nurielite.Datatype)] Missing &lt;summary&gt; documentation [D:\Workbench\Projectum\Nurielite\Documentation\Help\Working\BuildReferenceTopics.proj]
BuildAssembler : warning : ShowMissingComponent: [M:Nurielite.Datatype.equals(Nurielite.Datatype)] Missing &lt;returns&gt; documentation [D:\Workbench\Projectum\Nurielite\Documentation\Help\Working\BuildReferenceTopics.proj]
BuildAssembler : warning : ShowMissingComponent: [M:Nurielite.Datatype.equals(Nurielite.Datatype)] Missing &lt;param name=&quot;compare&quot;/&gt; documentation [D:\Workbench\Projectum\Nurielite\Documentation\Help\Working\BuildReferenceTopics.proj]
BuildAssembler : warning : ShowMissingComponent: [M:Nurielite.Datatype.findType(System.String)] Missing &lt;summary&gt; documentation [D:\Workbench\Projectum\Nurielite\Documentation\Help\Working\BuildReferenceTopics.proj]
BuildAssembler : warning : ShowMissingComponent: [M:Nurielite.Datatype.findType(System.String)] Missing &lt;returns&gt; documentation [D:\Workbench\Projectum\Nurielite\Documentation\Help\Working\BuildReferenceTopics.proj]
BuildAssembler : warning : ShowMissingComponent: [M:Nurielite.Datatype.findType(System.String)] Missing &lt;param name=&quot;name&quot;/&gt; documentation [D:\Workbench\Projectum\Nurielite\Documentation\Help\Working\BuildReferenceTopics.proj]
BuildAssembler : warning : ShowMissingComponent: [M:Nurielite.Datatype.fits(Nurielite.Datatype)] Missing &lt;summary&gt; documentation [D:\Workbench\Projectum\Nurielite\Documentation\Help\Working\BuildReferenceTopics.proj]
BuildAssembler : warning : ShowMissingComponent: [M:Nurielite.Datatype.fits(Nurielite.Datatype)] Missing &lt;returns&gt; documentation [D:\Workbench\Projectum\Nurielite\Documentation\Help\Working\BuildReferenceTopics.proj]
BuildAssembler : warning : ShowMissingComponent: [M:Nurielite.Datatype.fits(Nurielite.Datatype)] Missing &lt;param name=&quot;compare&quot;/&gt; documentation [D:\Workbench\Projectum\Nurielite\Documentation\Help\Working\BuildReferenceTopics.proj]
BuildAssembler : warning : ShowMissingComponent: [M:Nurielite.Datatype.genericTypes] Missing &lt;summary&gt; documentation [D:\Workbench\Projectum\Nurielite\Documentation\Help\Working\BuildReferenceTopics.proj]
BuildAssembler : warning : ShowMissingComponent: [M:Nurielite.Datatype.getIntegers] Missing &lt;summary&gt; documentation [D:\Workbench\Projectum\Nurielite\Documentation\Help\Working\BuildReferenceTopics.proj]
BuildAssembler : warning : ShowMissingComponent: [M:Nurielite.Datatype.getIntegers] Missing &lt;returns&gt; documentation [D:\Workbench\Projectum\Nurielite\Documentation\Help\Working\BuildReferenceTopics.proj]
BuildAssembler : warning : ShowMissingComponent: [M:Nurielite.Datatype.getName] Missing &lt;summary&gt; documentation [D:\Workbench\Projectum\Nurielite\Documentation\Help\Working\BuildReferenceTopics.proj]
BuildAssembler : warning : ShowMissingComponent: [M:Nurielite.Datatype.getName] Missing &lt;returns&gt; documentation [D:\Workbench\Projectum\Nurielite\Documentation\Help\Working\BuildReferenceTopics.proj]
BuildAssembler : warning : ShowMissingComponent: [M:Nurielite.Datatype.getReals] Missing &lt;summary&gt; documentation [D:\Workbench\Projectum\Nurielite\Documentation\Help\Working\BuildReferenceTopics.proj]
BuildAssembler : warning : ShowMissingComponent: [M:Nurielite.Datatype.getReals] Missing &lt;returns&gt; documentation [D:\Workbench\Projectum\Nurielite\Documentation\Help\Working\BuildReferenceTopics.proj]
BuildAssembler : warning : ShowMissingComponent: [M:Nurielite.Datatype.getType(System.Int32)] Missing &lt;summary&gt; documentation [D:\Workbench\Projectum\Nurielite\Documentation\Help\Working\BuildReferenceTopics.proj]
BuildAssembler : warning : ShowMissingComponent: [M:Nurielite.Datatype.getType(System.Int32)] Missing &lt;returns&gt; documentation [D:\Workbench\Projectum\Nurielite\Documentation\Help\Working\BuildReferenceTopics.proj]
BuildAssembler : warning : ShowMissingComponent: [M:Nurielite.Datatype.getType(System.Int32)] Missing &lt;param name=&quot;dex&quot;/&gt; documentation [D:\Workbench\Projectum\Nurielite\Documentation\Help\Working\BuildReferenceTopics.proj]
BuildAssembler : warning : ShowMissingComponent: [M:Nurielite.Datatype.getType(System.String)] Missing &lt;summary&gt; documentation [D:\Workbench\Projectum\Nurielite\Documentation\Help\Working\BuildReferenceTopics.proj]
BuildAssembler : warning : ShowMissingComponent: [M:Nurielite.Datatype.getType(System.String)] Missing &lt;returns&gt; documentation [D:\Workbench\Projectum\Nurielite\Documentation\Help\Working\BuildReferenceTopics.proj]
BuildAssembler : warning : ShowMissingComponent: [M:Nurielite.Datatype.getType(System.String)] Missing &lt;param name=&quot;type&quot;/&gt; documentation [D:\Workbench\Projectum\Nurielite\Documentation\Help\Working\BuildReferenceTopics.proj]
BuildAssembler : warning : ShowMissingComponent: [M:Nurielite.Datatype.join(Nurielite.Datatype)] Missing &lt;summary&gt; documentation [D:\Workbench\Projectum\Nurielite\Documentation\Help\Working\BuildReferenceTopics.proj]
BuildAssembler : warning : ShowMissingComponent: [M:Nurielite.Datatype.join(Nurielite.Datatype)] Missing &lt;returns&gt; documentation [D:\Workbench\Projectum\Nurielite\Documentation\Help\Working\BuildReferenceTopics.proj]
BuildAssembler : warning : ShowMissingComponent: [M:Nurielite.Datatype.join(Nurielite.Datatype)] Missing &lt;param name=&quot;b&quot;/&gt; documentation [D:\Workbench\Projectum\Nurielite\Documentation\Help\Working\BuildReferenceTopics.proj]
BuildAssembler : warning : ShowMissingComponent: [M:Nurielite.Datatype.join(Nurielite.Datatype,Nurielite.Datatype)] Missing &lt;summary&gt; documentation [D:\Workbench\Projectum\Nurielite\Documentation\Help\Working\BuildReferenceTopics.proj]
BuildAssembler : warning : ShowMissingComponent: [M:Nurielite.Datatype.join(Nurielite.Datatype,Nurielite.Datatype)] Missing &lt;returns&gt; documentation [D:\Workbench\Projectum\Nurielite\Documentation\Help\Working\BuildReferenceTopics.proj]
BuildAssembler : warning : ShowMissingComponent: [M:Nurielite.Datatype.join(Nurielite.Datatype,Nurielite.Datatype)] Missing &lt;param name=&quot;a&quot;/&gt; documentation [D:\Workbench\Projectum\Nurielite\Documentation\Help\Working\BuildReferenceTopics.proj]
BuildAssembler : warning : ShowMissingComponent: [M:Nurielite.Datatype.join(Nurielite.Datatype,Nurielite.Datatype)] Missing &lt;param name=&quot;b&quot;/&gt; documentation [D:\Workbench\Projectum\Nurielite\Documentation\Help\Working\BuildReferenceTopics.proj]
BuildAssembler : warning : ShowMissingComponent: [M:Nurielite.Datatype.numberOfTypes] Missing &lt;summary&gt; documentation [D:\Workbench\Projectum\Nurielite\Documentation\Help\Working\BuildReferenceTopics.proj]
BuildAssembler : warning : ShowMissingComponent: [M:Nurielite.Datatype.numberOfTypes] Missing &lt;returns&gt; documentation [D:\Workbench\Projectum\Nurielite\Documentation\Help\Working\BuildReferenceTopics.proj]
BuildAssembler : warning : ShowMissingComponent: [M:Nurielite.Datatype.stringRep] Missing &lt;summary&gt; documentation [D:\Workbench\Projectum\Nurielite\Documentation\Help\Working\BuildReferenceTopics.proj]
BuildAssembler : warning : ShowMissingComponent: [M:Nurielite.Datatype.stringRep] Missing &lt;returns&gt; documentation [D:\Workbench\Projectum\Nurielite\Documentation\Help\Working\BuildReferenceTopics.proj]
BuildAssembler : warning : ShowMissingComponent: [M:Nurielite.Datatype.testingTypes] Missing &lt;summary&gt; documentation [D:\Workbench\Projectum\Nurielite\Documentation\Help\Working\BuildReferenceTopics.proj]
BuildAssembler : warning : ShowMissingComponent: [M:Nurielite.Datatype.ToString] Missing &lt;summary&gt; documentation [D:\Workbench\Projectum\Nurielite\Documentation\Help\Working\BuildReferenceTopics.proj]
BuildAssembler : warning : ShowMissingComponent: [M:Nurielite.Datatype.ToString] Missing &lt;returns&gt; documentation [D:\Workbench\Projectum\Nurielite\Documentation\Help\Working\BuildReferenceTopics.proj]
BuildAssembler : warning : ShowMissingComponent: [T:Nurielite.GraphicContainer] Missing &lt;summary&gt; documentation [D:\Workbench\Projectum\Nurielite\Documentation\Help\Working\BuildReferenceTopics.proj]
BuildAssembler : warning : ShowMissingComponent: [M:Nurielite.GraphicContainer.addBlockGraphic(Nurielite.BlockGraphic)] Missing &lt;summary&gt; documentation [D:\Workbench\Projectum\Nurielite\Documentation\Help\Working\BuildReferenceTopics.proj]
BuildAssembler : warning : ShowMissingComponent: [M:Nurielite.GraphicContainer.addBlockGraphic(Nurielite.BlockGraphic)] Missing &lt;param name=&quot;rg&quot;/&gt; documentation [D:\Workbench\Projectum\Nurielite\Documentation\Help\Working\BuildReferenceTopics.proj]
BuildAssembler : warning : ShowMissingComponent: [F:Nurielite.GraphicContainer.CONNECTION_Z_LEVEL] Missing &lt;summary&gt; documentation [D:\Workbench\Projectum\Nurielite\Documentation\Help\Working\BuildReferenceTopics.proj]
BuildAssembler : warning : ShowMissingComponent: [M:Nurielite.GraphicContainer.evt_MouseDown(System.Object,System.Windows.Input.MouseButtonEventArgs)] Missing &lt;summary&gt; documentation [D:\Workbench\Projectum\Nurielite\Documentation\Help\Working\BuildReferenceTopics.proj]
BuildAssembler : warning : ShowMissingComponent: [M:Nurielite.GraphicContainer.evt_MouseDown(System.Object,System.Windows.Input.MouseButtonEventArgs)] Missing &lt;param name=&quot;sender&quot;/&gt; documentation [D:\Workbench\Projectum\Nurielite\Documentation\Help\Working\BuildReferenceTopics.proj]
BuildAssembler : warning : ShowMissingComponent: [M:Nurielite.GraphicContainer.evt_MouseDown(System.Object,System.Windows.Input.MouseButtonEventArgs)] Missing &lt;param name=&quot;e&quot;/&gt; documentation [D:\Workbench\Projectum\Nurielite\Documentation\Help\Working\BuildReferenceTopics.proj]
BuildAssembler : warning : ShowMissingComponent: [M:Nurielite.GraphicContainer.evt_MouseMove(System.Object,System.Windows.Input.MouseEventArgs)] Missing &lt;summary&gt; documentation [D:\Workbench\Projectum\Nurielite\Documentation\Help\Working\BuildReferenceTopics.proj]
BuildAssembler : warning : ShowMissingComponent: [M:Nurielite.GraphicContainer.evt_MouseMove(System.Object,System.Windows.Input.MouseEventArgs)] Missing &lt;param name=&quot;sender&quot;/&gt; documentation [D:\Workbench\Projectum\Nurielite\Documentation\Help\Working\BuildReferenceTopics.proj]
BuildAssembler : warning : ShowMissingComponent: [M:Nurielite.GraphicContainer.evt_MouseMove(System.Object,System.Windows.Input.MouseEventArgs)] Missing &lt;param name=&quot;e&quot;/&gt; documentation [D:\Workbench\Projectum\Nurielite\Documentation\Help\Working\BuildReferenceTopics.proj]
BuildAssembler : warning : ShowMissingComponent: [M:Nurielite.GraphicContainer.evt_MouseUp(System.Object,System.Windows.Input.MouseButtonEventArgs)] Missing &lt;summary&gt; documentation [D:\Workbench\Projectum\Nurielite\Documentation\Help\Working\BuildReferenceTopics.proj]
BuildAssembler : warning : ShowMissingComponent: [M:Nurielite.GraphicContainer.evt_MouseUp(System.Object,System.Windows.Input.MouseButtonEventArgs)] Missing &lt;param name=&quot;sender&quot;/&gt; documentation [D:\Workbench\Projectum\Nurielite\Documentation\Help\Working\BuildReferenceTopics.proj]
BuildAssembler : warning : ShowMissingComponent: [M:Nurielite.GraphicContainer.evt_MouseUp(System.Object,System.Windows.Input.MouseButtonEventArgs)] Missing &lt;param name=&quot;e&quot;/&gt; documentation [D:\Workbench\Projectum\Nurielite\Documentation\Help\Working\BuildReferenceTopics.proj]
BuildAssembler : warning : ShowMissingComponent: [M:Nurielite.GraphicContainer.getBlockGraphic(System.Int32)] Missing &lt;summary&gt; documentation [D:\Workbench\Projectum\Nurielite\Documentation\Help\Working\BuildReferenceTopics.proj]
BuildAssembler : warning : ShowMissingComponent: [M:Nurielite.GraphicContainer.getBlockGraphic(System.Int32)] Missing &lt;returns&gt; documentation [D:\Workbench\Projectum\Nurielite\Documentation\Help\Working\BuildReferenceTopics.proj]
BuildAssembler : warning : ShowMissingComponent: [M:Nurielite.GraphicContainer.getBlockGraphic(System.Int32)] Missing &lt;param name=&quot;id&quot;/&gt; documentation [D:\Workbench\Projectum\Nurielite\Documentation\Help\Working\BuildReferenceTopics.proj]
BuildAssembler : warning : ShowMissingComponent: [M:Nurielite.GraphicContainer.getDraggingConnection] Missing &lt;summary&gt; documentation [D:\Workbench\Projectum\Nurielite\Documentation\Help\Working\BuildReferenceTopics.proj]
BuildAssembler : warning : ShowMissingComponent: [M:Nurielite.GraphicContainer.getDraggingConnection] Missing &lt;returns&gt; documentation [D:\Workbench\Projectum\Nurielite\Documentation\Help\Working\BuildReferenceTopics.proj]
BuildAssembler : warning : ShowMissingComponent: [F:Nurielite.GraphicContainer.NODE_SIZE] Missing &lt;summary&gt; documentation [D:\Workbench\Projectum\Nurielite\Documentation\Help\Working\BuildReferenceTopics.proj]
BuildAssembler : warning : ShowMissingComponent: [F:Nurielite.GraphicContainer.NODE_Z_LEVEL] Missing &lt;summary&gt; documentation [D:\Workbench\Projectum\Nurielite\Documentation\Help\Working\BuildReferenceTopics.proj]
BuildAssembler : warning : ShowMissingComponent: [F:Nurielite.GraphicContainer.REP_BOARD_PADDING_LEFT] Missing &lt;summary&gt; documentation [D:\Workbench\Projectum\Nurielite\Documentation\Help\Working\BuildReferenceTopics.proj]
BuildAssembler : warning : ShowMissingComponent: [F:Nurielite.GraphicContainer.REP_BOARD_PADDING_TOP] Missing &lt;summary&gt; documentation [D:\Workbench\Projectum\Nurielite\Documentation\Help\Working\BuildReferenceTopics.proj]
BuildAssembler : warning : ShowMissingComponent: [F:Nurielite.GraphicContainer.REP_MINIMUM_HEIGHT] Missing &lt;summary&gt; documentation [D:\Workbench\Projectum\Nurielite\Documentation\Help\Working\BuildReferenceTopics.proj]
BuildAssembler : warning : ShowMissingComponent: [F:Nurielite.GraphicContainer.REP_MINIMUM_WIDTH] Missing &lt;summary&gt; documentation [D:\Workbench\Projectum\Nurielite\Documentation\Help\Working\BuildReferenceTopics.proj]
BuildAssembler : warning : ShowMissingComponent: [F:Nurielite.GraphicContainer.REP_Z_LEVEL] Missing &lt;summary&gt; documentation [D:\Workbench\Projectum\Nurielite\Documentation\Help\Working\BuildReferenceTopics.proj]
BuildAssembler : warning : ShowMissingComponent: [M:Nurielite.GraphicContainer.setDraggingBlock(System.Boolean,Nurielite.BlockGraphic)] Missing &lt;summary&gt; documentation [D:\Workbench\Projectum\Nurielite\Documentation\Help\Working\BuildReferenceTopics.proj]
BuildAssembler : warning : ShowMissingComponent: [M:Nurielite.GraphicContainer.setDraggingBlock(System.Boolean,Nurielite.BlockGraphic)] Missing &lt;param name=&quot;dragging&quot;/&gt; documentation [D:\Workbench\Projectum\Nurielite\Documentation\Help\Working\BuildReferenceTopics.proj]
BuildAssembler : warning : ShowMissingComponent: [M:Nurielite.GraphicContainer.setDraggingBlock(System.Boolean,Nurielite.BlockGraphic)] Missing &lt;param name=&quot;blk&quot;/&gt; documentation [D:\Workbench\Projectum\Nurielite\Documentation\Help\Working\BuildReferenceTopics.proj]
BuildAssembler : warning : ShowMissingComponent: [M:Nurielite.GraphicContainer.setDraggingConnection(System.Boolean,Nurielite.ConnectionGraphic)] Missing &lt;summary&gt; documentation [D:\Workbench\Projectum\Nurielite\Documentation\Help\Working\BuildReferenceTopics.proj]
BuildAssembler : warning : ShowMissingComponent: [M:Nurielite.GraphicContainer.setDraggingConnection(System.Boolean,Nurielite.ConnectionGraphic)] Missing &lt;param name=&quot;dragging&quot;/&gt; documentation [D:\Workbench\Projectum\Nurielite\Documentation\Help\Working\BuildReferenceTopics.proj]
BuildAssembler : warning : ShowMissingComponent: [M:Nurielite.GraphicContainer.setDraggingConnection(System.Boolean,Nurielite.ConnectionGraphic)] Missing &lt;param name=&quot;cg&quot;/&gt; documentation [D:\Workbench\Projectum\Nurielite\Documentation\Help\Working\BuildReferenceTopics.proj]
BuildAssembler : warning : ShowMissingComponent: [T:Nurielite.GraphicFactory] Missing &lt;summary&gt; documentation [D:\Workbench\Projectum\Nurielite\Documentation\Help\Working\BuildReferenceTopics.proj]
BuildAssembler : warning : ShowMissingComponent: [M:Nurielite.GraphicFactory.createBlockGraphic(Nurielite.Block,System.Int32,System.Int32,System.Windows.Media.Color)] Missing &lt;summary&gt; documentation [D:\Workbench\Projectum\Nurielite\Documentation\Help\Working\BuildReferenceTopics.proj]
BuildAssembler : warning : ShowMissingComponent: [M:Nurielite.GraphicFactory.createBlockGraphic(Nurielite.Block,System.Int32,System.Int32,System.Windows.Media.Color)] Missing &lt;returns&gt; documentation [D:\Workbench\Projectum\Nurielite\Documentation\Help\Working\BuildReferenceTopics.proj]
BuildAssembler : warning : ShowMissingComponent: [M:Nurielite.GraphicFactory.createBlockGraphic(Nurielite.Block,System.Int32,System.Int32,System.Windows.Media.Color)] Missing &lt;param name=&quot;parent&quot;/&gt; documentation [D:\Workbench\Projectum\Nurielite\Documentation\Help\Working\BuildReferenceTopics.proj]
BuildAssembler : warning : ShowMissingComponent: [M:Nurielite.GraphicFactory.createBlockGraphic(Nurielite.Block,System.Int32,System.Int32,System.Windows.Media.Color)] Missing &lt;param name=&quot;numIn&quot;/&gt; documentation [D:\Workbench\Projectum\Nurielite\Documentation\Help\Working\BuildReferenceTopics.proj]
BuildAssembler : warning : ShowMissingComponent: [M:Nurielite.GraphicFactory.createBlockGraphic(Nurielite.Block,System.Int32,System.Int32,System.Windows.Media.Color)] Missing &lt;param name=&quot;numOut&quot;/&gt; documentation [D:\Workbench\Projectum\Nurielite\Documentation\Help\Working\BuildReferenceTopics.proj]
BuildAssembler : warning : ShowMissingComponent: [M:Nurielite.GraphicFactory.createBlockGraphic(Nurielite.Block,System.Int32,System.Int32,System.Windows.Media.Color)] Missing &lt;param name=&quot;color&quot;/&gt; documentation [D:\Workbench\Projectum\Nurielite\Documentation\Help\Working\BuildReferenceTopics.proj]
BuildAssembler : warning : ShowMissingComponent: [M:Nurielite.GraphicFactory.createBlockGraphic(Nurielite.Block,System.Windows.Media.Color)] Missing &lt;summary&gt; documentation [D:\Workbench\Projectum\Nurielite\Documentation\Help\Working\BuildReferenceTopics.proj]
BuildAssembler : warning : ShowMissingComponent: [M:Nurielite.GraphicFactory.createBlockGraphic(Nurielite.Block,System.Windows.Media.Color)] Missing &lt;returns&gt; documentation [D:\Workbench\Projectum\Nurielite\Documentation\Help\Working\BuildReferenceTopics.proj]
BuildAssembler : warning : ShowMissingComponent: [M:Nurielite.GraphicFactory.createBlockGraphic(Nurielite.Block,System.Windows.Media.Color)] Missing &lt;param name=&quot;parent&quot;/&gt; documentation [D:\Workbench\Projectum\Nurielite\Documentation\Help\Working\BuildReferenceTopics.proj]
BuildAssembler : warning : ShowMissingComponent: [M:Nurielite.GraphicFactory.createBlockGraphic(Nurielite.Block,System.Windows.Media.Color)] Missing &lt;param name=&quot;color&quot;/&gt; documentation [D:\Workbench\Projectum\Nurielite\Documentation\Help\Working\BuildReferenceTopics.proj]
BuildAssembler : warning : ShowMissingComponent: [M:Nurielite.GraphicFactory.createConnectionGraphic(Nurielite.Connection)] Missing &lt;summary&gt; documentation [D:\Workbench\Projectum\Nurielite\Documentation\Help\Working\BuildReferenceTopics.proj]
BuildAssembler : warning : ShowMissingComponent: [M:Nurielite.GraphicFactory.createConnectionGraphic(Nurielite.Connection)] Missing &lt;returns&gt; documentation [D:\Workbench\Projectum\Nurielite\Documentation\Help\Working\BuildReferenceTopics.proj]
BuildAssembler : warning : ShowMissingComponent: [M:Nurielite.GraphicFactory.createConnectionGraphic(Nurielite.Connection)] Missing &lt;param name=&quot;parent&quot;/&gt; documentation [D:\Workbench\Projectum\Nurielite\Documentation\Help\Working\BuildReferenceTopics.proj]
BuildAssembler : warning : ShowMissingComponent: [M:Nurielite.GraphicFactory.createNoduleGraphic(Nurielite.Nodule)] Missing &lt;summary&gt; documentation [D:\Workbench\Projectum\Nurielite\Documentation\Help\Working\BuildReferenceTopics.proj]
BuildAssembler : warning : ShowMissingComponent: [M:Nurielite.GraphicFactory.createNoduleGraphic(Nurielite.Nodule)] Missing &lt;returns&gt; documentation [D:\Workbench\Projectum\Nurielite\Documentation\Help\Working\BuildReferenceTopics.proj]
BuildAssembler : warning : ShowMissingComponent: [M:Nurielite.GraphicFactory.createNoduleGraphic(Nurielite.Nodule)] Missing &lt;param name=&quot;parent&quot;/&gt; documentation [D:\Workbench\Projectum\Nurielite\Documentation\Help\Working\BuildReferenceTopics.proj]
BuildAssembler : warning : ShowMissingComponent: [M:Nurielite.MainWindow.getGraphicContainer] Missing &lt;summary&gt; documentation [D:\Workbench\Projectum\Nurielite\Documentation\Help\Working\BuildReferenceTopics.proj]
BuildAssembler : warning : ShowMissingComponent: [M:Nurielite.MainWindow.getGraphicContainer] Missing &lt;returns&gt; documentation [D:\Workbench\Projectum\Nurielite\Documentation\Help\Working\BuildReferenceTopics.proj]
BuildAssembler : warning : ShowMissingComponent: [M:Nurielite.MainWindow.getMainCanvas] Missing &lt;summary&gt; documentation [D:\Workbench\Projectum\Nurielite\Documentation\Help\Working\BuildReferenceTopics.proj]
BuildAssembler : warning : ShowMissingComponent: [M:Nurielite.MainWindow.getMainCanvas] Missing &lt;returns&gt; documentation [D:\Workbench\Projectum\Nurielite\Documentation\Help\Working\BuildReferenceTopics.proj]
BuildAssembler : warning : ShowMissingComponent: [M:Nurielite.MainWindow.log(System.String)] Missing &lt;summary&gt; documentation [D:\Workbench\Projectum\Nurielite\Documentation\Help\Working\BuildReferenceTopics.proj]
BuildAssembler : warning : ShowMissingComponent: [M:Nurielite.MainWindow.log(System.String)] Missing &lt;param name=&quot;message&quot;/&gt; documentation [D:\Workbench\Projectum\Nurielite\Documentation\Help\Working\BuildReferenceTopics.proj]
BuildAssembler : warning : ShowMissingComponent: [M:Nurielite.MainWindow.log(System.String,System.Windows.Media.Color)] Missing &lt;summary&gt; documentation [D:\Workbench\Projectum\Nurielite\Documentation\Help\Working\BuildReferenceTopics.proj]
BuildAssembler : warning : ShowMissingComponent: [M:Nurielite.MainWindow.log(System.String,System.Windows.Media.Color)] Missing &lt;param name=&quot;message&quot;/&gt; documentation [D:\Workbench\Projectum\Nurielite\Documentation\Help\Working\BuildReferenceTopics.proj]
BuildAssembler : warning : ShowMissingComponent: [M:Nurielite.MainWindow.log(System.String,System.Windows.Media.Color)] Missing &lt;param name=&quot;color&quot;/&gt; documentation [D:\Workbench\Projectum\Nurielite\Documentation\Help\Working\BuildReferenceTopics.proj]
BuildAssembler : warning : ShowMissingComponent: [M:Nurielite.MainWindow.setCommandPrompt(System.String)] Missing &lt;summary&gt; documentation [D:\Workbench\Projectum\Nurielite\Documentation\Help\Working\BuildReferenceTopics.proj]
BuildAssembler : warning : ShowMissingComponent: [M:Nurielite.MainWindow.setCommandPrompt(System.String)] Missing &lt;param name=&quot;prompt&quot;/&gt; documentation [D:\Workbench\Projectum\Nurielite\Documentation\Help\Working\BuildReferenceTopics.proj]
BuildAssembler : warning : ShowMissingComponent: [T:Nurielite.Nodule] Missing &lt;summary&gt; documentation [D:\Workbench\Projectum\Nurielite\Documentation\Help\Working\BuildReferenceTopics.proj]
BuildAssembler : warning : ShowMissingComponent: [M:Nurielite.Nodule.#ctor(Nurielite.Block,System.Boolean,System.Int32,Nurielite.Datatype)] Missing &lt;param name=&quot;parent&quot;/&gt; documentation [D:\Workbench\Projectum\Nurielite\Documentation\Help\Working\BuildReferenceTopics.proj]
BuildAssembler : warning : ShowMissingComponent: [M:Nurielite.Nodule.#ctor(Nurielite.Block,System.Boolean,System.Int32,Nurielite.Datatype)] Missing &lt;param name=&quot;isInput&quot;/&gt; documentation [D:\Workbench\Projectum\Nurielite\Documentation\Help\Working\BuildReferenceTopics.proj]
BuildAssembler : warning : ShowMissingComponent: [M:Nurielite.Nodule.#ctor(Nurielite.Block,System.Boolean,System.Int32,Nurielite.Datatype)] Missing &lt;param name=&quot;groupNum&quot;/&gt; documentation [D:\Workbench\Projectum\Nurielite\Documentation\Help\Working\BuildReferenceTopics.proj]
BuildAssembler : warning : ShowMissingComponent: [M:Nurielite.Nodule.#ctor(Nurielite.Block,System.Boolean,System.Int32,Nurielite.Datatype)] Missing &lt;param name=&quot;datatype&quot;/&gt; documentation [D:\Workbench\Projectum\Nurielite\Documentation\Help\Working\BuildReferenceTopics.proj]
BuildAssembler : warning : ShowMissingComponent: [M:Nurielite.Nodule.addConnection(Nurielite.Connection)] Missing &lt;summary&gt; documentation [D:\Workbench\Projectum\Nurielite\Documentation\Help\Working\BuildReferenceTopics.proj]
BuildAssembler : warning : ShowMissingComponent: [M:Nurielite.Nodule.addConnection(Nurielite.Connection)] Missing &lt;param name=&quot;c&quot;/&gt; documentation [D:\Workbench\Projectum\Nurielite\Documentation\Help\Working\BuildReferenceTopics.proj]
BuildAssembler : warning : ShowMissingComponent: [M:Nurielite.Nodule.connect(Nurielite.Connection)] Missing &lt;summary&gt; documentation [D:\Workbench\Projectum\Nurielite\Documentation\Help\Working\BuildReferenceTopics.proj]
BuildAssembler : warning : ShowMissingComponent: [M:Nurielite.Nodule.connect(Nurielite.Connection)] Missing &lt;param name=&quot;con&quot;/&gt; documentation [D:\Workbench\Projectum\Nurielite\Documentation\Help\Working\BuildReferenceTopics.proj]
BuildAssembler : warning : ShowMissingComponent: [M:Nurielite.Nodule.getConnection(System.Int32)] Missing &lt;summary&gt; documentation [D:\Workbench\Projectum\Nurielite\Documentation\Help\Working\BuildReferenceTopics.proj]
BuildAssembler : warning : ShowMissingComponent: [M:Nurielite.Nodule.getConnection(System.Int32)] Missing &lt;returns&gt; documentation [D:\Workbench\Projectum\Nurielite\Documentation\Help\Working\BuildReferenceTopics.proj]
BuildAssembler : warning : ShowMissingComponent: [M:Nurielite.Nodule.getConnection(System.Int32)] Missing &lt;param name=&quot;i&quot;/&gt; documentation [D:\Workbench\Projectum\Nurielite\Documentation\Help\Working\BuildReferenceTopics.proj]
BuildAssembler : warning : ShowMissingComponent: [M:Nurielite.Nodule.getConnections] Missing &lt;summary&gt; documentation [D:\Workbench\Projectum\Nurielite\Documentation\Help\Working\BuildReferenceTopics.proj]
BuildAssembler : warning : ShowMissingComponent: [M:Nurielite.Nodule.getConnections] Missing &lt;returns&gt; documentation [D:\Workbench\Projectum\Nurielite\Documentation\Help\Working\BuildReferenceTopics.proj]
BuildAssembler : warning : ShowMissingComponent: [M:Nurielite.Nodule.getDatatype] Missing &lt;summary&gt; documentation [D:\Workbench\Projectum\Nurielite\Documentation\Help\Working\BuildReferenceTopics.proj]
BuildAssembler : warning : ShowMissingComponent: [M:Nurielite.Nodule.getDatatype] Missing &lt;returns&gt; documentation [D:\Workbench\Projectum\Nurielite\Documentation\Help\Working\BuildReferenceTopics.proj]
BuildAssembler : warning : ShowMissingComponent: [M:Nurielite.Nodule.getGraphic] Missing &lt;summary&gt; documentation [D:\Workbench\Projectum\Nurielite\Documentation\Help\Working\BuildReferenceTopics.proj]
BuildAssembler : warning : ShowMissingComponent: [M:Nurielite.Nodule.getGraphic] Missing &lt;returns&gt; documentation [D:\Workbench\Projectum\Nurielite\Documentation\Help\Working\BuildReferenceTopics.proj]
BuildAssembler : warning : ShowMissingComponent: [M:Nurielite.Nodule.getGroupNum] Missing &lt;summary&gt; documentation [D:\Workbench\Projectum\Nurielite\Documentation\Help\Working\BuildReferenceTopics.proj]
BuildAssembler : warning : ShowMissingComponent: [M:Nurielite.Nodule.getGroupNum] Missing &lt;returns&gt; documentation [D:\Workbench\Projectum\Nurielite\Documentation\Help\Working\BuildReferenceTopics.proj]
BuildAssembler : warning : ShowMissingComponent: [M:Nurielite.Nodule.getNumConnections] Missing &lt;summary&gt; documentation [D:\Workbench\Projectum\Nurielite\Documentation\Help\Working\BuildReferenceTopics.proj]
BuildAssembler : warning : ShowMissingComponent: [M:Nurielite.Nodule.getNumConnections] Missing &lt;returns&gt; documentation [D:\Workbench\Projectum\Nurielite\Documentation\Help\Working\BuildReferenceTopics.proj]
BuildAssembler : warning : ShowMissingComponent: [M:Nurielite.Nodule.getParent] Missing &lt;summary&gt; documentation [D:\Workbench\Projectum\Nurielite\Documentation\Help\Working\BuildReferenceTopics.proj]
BuildAssembler : warning : ShowMissingComponent: [M:Nurielite.Nodule.getParent] Missing &lt;returns&gt; documentation [D:\Workbench\Projectum\Nurielite\Documentation\Help\Working\BuildReferenceTopics.proj]
BuildAssembler : warning : ShowMissingComponent: [M:Nurielite.Nodule.isInput] Missing &lt;summary&gt; documentation [D:\Workbench\Projectum\Nurielite\Documentation\Help\Working\BuildReferenceTopics.proj]
BuildAssembler : warning : ShowMissingComponent: [M:Nurielite.Nodule.isInput] Missing &lt;returns&gt; documentation [D:\Workbench\Projectum\Nurielite\Documentation\Help\Working\BuildReferenceTopics.proj]
BuildAssembler : warning : ShowMissingComponent: [M:Nurielite.Nodule.removeConnection(Nurielite.Connection)] Missing &lt;summary&gt; documentation [D:\Workbench\Projectum\Nurielite\Documentation\Help\Working\BuildReferenceTopics.proj]
BuildAssembler : warning : ShowMissingComponent: [M:Nurielite.Nodule.removeConnection(Nurielite.Connection)] Missing &lt;param name=&quot;c&quot;/&gt; documentation [D:\Workbench\Projectum\Nurielite\Documentation\Help\Working\BuildReferenceTopics.proj]
BuildAssembler : warning : ShowMissingComponent: [T:Nurielite.NoduleGraphic] Missing &lt;summary&gt; documentation [D:\Workbench\Projectum\Nurielite\Documentation\Help\Working\BuildReferenceTopics.proj]
BuildAssembler : warning : ShowMissingComponent: [M:Nurielite.NoduleGraphic.#ctor(Nurielite.Nodule)] Missing &lt;param name=&quot;parent&quot;/&gt; documentation [D:\Workbench\Projectum\Nurielite\Documentation\Help\Working\BuildReferenceTopics.proj]
BuildAssembler : warning : ShowMissingComponent: [M:Nurielite.NoduleGraphic.getCurrentX] Missing &lt;summary&gt; documentation [D:\Workbench\Projectum\Nurielite\Documentation\Help\Working\BuildReferenceTopics.proj]
BuildAssembler : warning : ShowMissingComponent: [M:Nurielite.NoduleGraphic.getCurrentX] Missing &lt;returns&gt; documentation [D:\Workbench\Projectum\Nurielite\Documentation\Help\Working\BuildReferenceTopics.proj]
BuildAssembler : warning : ShowMissingComponent: [M:Nurielite.NoduleGraphic.getCurrentY] Missing &lt;summary&gt; documentation [D:\Workbench\Projectum\Nurielite\Documentation\Help\Working\BuildReferenceTopics.proj]
BuildAssembler : warning : ShowMissingComponent: [M:Nurielite.NoduleGraphic.getCurrentY] Missing &lt;returns&gt; documentation [D:\Workbench\Projectum\Nurielite\Documentation\Help\Working\BuildReferenceTopics.proj]
BuildAssembler : warning : ShowMissingComponent: [M:Nurielite.NoduleGraphic.move(System.Double,System.Double)] Missing &lt;summary&gt; documentation [D:\Workbench\Projectum\Nurielite\Documentation\Help\Working\BuildReferenceTopics.proj]
BuildAssembler : warning : ShowMissingComponent: [M:Nurielite.NoduleGraphic.move(System.Double,System.Double)] Missing &lt;param name=&quot;x&quot;/&gt; documentation [D:\Workbench\Projectum\Nurielite\Documentation\Help\Working\BuildReferenceTopics.proj]
BuildAssembler : warning : ShowMissingComponent: [M:Nurielite.NoduleGraphic.move(System.Double,System.Double)] Missing &lt;param name=&quot;y&quot;/&gt; documentation [D:\Workbench\Projectum\Nurielite\Documentation\Help\Working\BuildReferenceTopics.proj]
BuildAssembler : warning : ShowMissingComponent: [M:Nurielite.RepDesignerControl.#ctor(Nurielite.MainWindow)] Missing &lt;param name=&quot;parent&quot;/&gt; documentation [D:\Workbench\Projectum\Nurielite\Documentation\Help\Working\BuildReferenceTopics.proj]
BuildAssembler : warning : ShowMissingComponent: [M:Nurielite.RepDesignerWin.#ctor(Nurielite.MainWindow)] Missing &lt;param name=&quot;parent&quot;/&gt; documentation [D:\Workbench\Projectum\Nurielite\Documentation\Help\Working\BuildReferenceTopics.proj]
  Processed 177 topic(s)
  270 warning(s)
  CopyFromIndexComponent: &quot;reflection&quot; in-memory cache entries used: 8 of 15.
  CopyFromIndexComponent: &quot;comments&quot; in-memory cache entries used: 6 of 30.
  ResolveReferenceLinksComponent: New MSDN content ID cache size: 656 entries
Done Building Project &quot;D:\Workbench\Projectum\Nurielite\Documentation\Help\Working\BuildReferenceTopics.proj&quot; (default targets).

Build succeeded.

Time Elapsed 00:05:28.17
    Last step completed in 00:05:28.4674
</buildStep>
<buildStep step="CombiningIntermediateTocFiles">
Combining conceptual and API intermediate TOC files...
    Last step completed in 00:00:00.0320
</buildStep>
<buildStep step="ExtractingHtmlInfo">
Extracting HTML info for HTML Help 1 and/or website...
[C:\Windows\Microsoft.NET\Framework64\v4.0.30319\MSBuild.exe]
Sandcastle Help File Builder, version 2015.1.12.0
Copyright c 2006-2015, Eric Woodruff, All Rights Reserved
E-Mail: Eric@EWoodruff.us

Using LCID &#39;1033&#39;, code page &#39;65001&#39;, encoding charset &#39;UTF-8&#39;.

Processing Help 1 files in D:\Workbench\Projectum\Nurielite\Documentation\Help\Working\Output\HtmlHelp1
Processed 177 HTML files
Sorting keywords and generating See Also indices
Saving HTML Help 1 keyword index to D:\Workbench\Projectum\Nurielite\Documentation\Help\Working\Documentation.hhk
Saving HTML Help 1 table of contents to D:\Workbench\Projectum\Nurielite\Documentation\Help\Working\Documentation.hhc
    Last step completed in 00:00:01.6026
</buildStep>
<buildStep step="CopyStandardHelpContent">
Copying standard help content...
C:\Program Files (x86)\EWSoftware\Sandcastle Help File Builder\PresentationStyles\VS2013\icons\AlertCaution.png -&gt; D:\Workbench\Projectum\Nurielite\Documentation\Help\Working\Output\HtmlHelp1\icons\AlertCaution.png
C:\Program Files (x86)\EWSoftware\Sandcastle Help File Builder\PresentationStyles\VS2013\icons\AlertNote.png -&gt; D:\Workbench\Projectum\Nurielite\Documentation\Help\Working\Output\HtmlHelp1\icons\AlertNote.png
C:\Program Files (x86)\EWSoftware\Sandcastle Help File Builder\PresentationStyles\VS2013\icons\AlertSecurity.png -&gt; D:\Workbench\Projectum\Nurielite\Documentation\Help\Working\Output\HtmlHelp1\icons\AlertSecurity.png
C:\Program Files (x86)\EWSoftware\Sandcastle Help File Builder\PresentationStyles\VS2013\icons\CFW.gif -&gt; D:\Workbench\Projectum\Nurielite\Documentation\Help\Working\Output\HtmlHelp1\icons\CFW.gif
C:\Program Files (x86)\EWSoftware\Sandcastle Help File Builder\PresentationStyles\VS2013\icons\CodeExample.png -&gt; D:\Workbench\Projectum\Nurielite\Documentation\Help\Working\Output\HtmlHelp1\icons\CodeExample.png
C:\Program Files (x86)\EWSoftware\Sandcastle Help File Builder\PresentationStyles\VS2013\icons\favicon.ico -&gt; D:\Workbench\Projectum\Nurielite\Documentation\Help\Working\Output\HtmlHelp1\icons\favicon.ico
C:\Program Files (x86)\EWSoftware\Sandcastle Help File Builder\PresentationStyles\VS2013\icons\privclass.gif -&gt; D:\Workbench\Projectum\Nurielite\Documentation\Help\Working\Output\HtmlHelp1\icons\privclass.gif
C:\Program Files (x86)\EWSoftware\Sandcastle Help File Builder\PresentationStyles\VS2013\icons\privdelegate.gif -&gt; D:\Workbench\Projectum\Nurielite\Documentation\Help\Working\Output\HtmlHelp1\icons\privdelegate.gif
C:\Program Files (x86)\EWSoftware\Sandcastle Help File Builder\PresentationStyles\VS2013\icons\privenumeration.gif -&gt; D:\Workbench\Projectum\Nurielite\Documentation\Help\Working\Output\HtmlHelp1\icons\privenumeration.gif
C:\Program Files (x86)\EWSoftware\Sandcastle Help File Builder\PresentationStyles\VS2013\icons\privevent.gif -&gt; D:\Workbench\Projectum\Nurielite\Documentation\Help\Working\Output\HtmlHelp1\icons\privevent.gif
C:\Program Files (x86)\EWSoftware\Sandcastle Help File Builder\PresentationStyles\VS2013\icons\privextension.gif -&gt; D:\Workbench\Projectum\Nurielite\Documentation\Help\Working\Output\HtmlHelp1\icons\privextension.gif
C:\Program Files (x86)\EWSoftware\Sandcastle Help File Builder\PresentationStyles\VS2013\icons\privfield.gif -&gt; D:\Workbench\Projectum\Nurielite\Documentation\Help\Working\Output\HtmlHelp1\icons\privfield.gif
C:\Program Files (x86)\EWSoftware\Sandcastle Help File Builder\PresentationStyles\VS2013\icons\privinterface.gif -&gt; D:\Workbench\Projectum\Nurielite\Documentation\Help\Working\Output\HtmlHelp1\icons\privinterface.gif
C:\Program Files (x86)\EWSoftware\Sandcastle Help File Builder\PresentationStyles\VS2013\icons\privmethod.gif -&gt; D:\Workbench\Projectum\Nurielite\Documentation\Help\Working\Output\HtmlHelp1\icons\privmethod.gif
C:\Program Files (x86)\EWSoftware\Sandcastle Help File Builder\PresentationStyles\VS2013\icons\privproperty.gif -&gt; D:\Workbench\Projectum\Nurielite\Documentation\Help\Working\Output\HtmlHelp1\icons\privproperty.gif
C:\Program Files (x86)\EWSoftware\Sandcastle Help File Builder\PresentationStyles\VS2013\icons\privstructure.gif -&gt; D:\Workbench\Projectum\Nurielite\Documentation\Help\Working\Output\HtmlHelp1\icons\privstructure.gif
C:\Program Files (x86)\EWSoftware\Sandcastle Help File Builder\PresentationStyles\VS2013\icons\protclass.gif -&gt; D:\Workbench\Projectum\Nurielite\Documentation\Help\Working\Output\HtmlHelp1\icons\protclass.gif
C:\Program Files (x86)\EWSoftware\Sandcastle Help File Builder\PresentationStyles\VS2013\icons\protdelegate.gif -&gt; D:\Workbench\Projectum\Nurielite\Documentation\Help\Working\Output\HtmlHelp1\icons\protdelegate.gif
C:\Program Files (x86)\EWSoftware\Sandcastle Help File Builder\PresentationStyles\VS2013\icons\protenumeration.gif -&gt; D:\Workbench\Projectum\Nurielite\Documentation\Help\Working\Output\HtmlHelp1\icons\protenumeration.gif
C:\Program Files (x86)\EWSoftware\Sandcastle Help File Builder\PresentationStyles\VS2013\icons\protevent.gif -&gt; D:\Workbench\Projectum\Nurielite\Documentation\Help\Working\Output\HtmlHelp1\icons\protevent.gif
C:\Program Files (x86)\EWSoftware\Sandcastle Help File Builder\PresentationStyles\VS2013\icons\protextension.gif -&gt; D:\Workbench\Projectum\Nurielite\Documentation\Help\Working\Output\HtmlHelp1\icons\protextension.gif
C:\Program Files (x86)\EWSoftware\Sandcastle Help File Builder\PresentationStyles\VS2013\icons\protfield.gif -&gt; D:\Workbench\Projectum\Nurielite\Documentation\Help\Working\Output\HtmlHelp1\icons\protfield.gif
C:\Program Files (x86)\EWSoftware\Sandcastle Help File Builder\PresentationStyles\VS2013\icons\protinterface.gif -&gt; D:\Workbench\Projectum\Nurielite\Documentation\Help\Working\Output\HtmlHelp1\icons\protinterface.gif
C:\Program Files (x86)\EWSoftware\Sandcastle Help File Builder\PresentationStyles\VS2013\icons\protmethod.gif -&gt; D:\Workbench\Projectum\Nurielite\Documentation\Help\Working\Output\HtmlHelp1\icons\protmethod.gif
C:\Program Files (x86)\EWSoftware\Sandcastle Help File Builder\PresentationStyles\VS2013\icons\protoperator.gif -&gt; D:\Workbench\Projectum\Nurielite\Documentation\Help\Working\Output\HtmlHelp1\icons\protoperator.gif
C:\Program Files (x86)\EWSoftware\Sandcastle Help File Builder\PresentationStyles\VS2013\icons\protproperty.gif -&gt; D:\Workbench\Projectum\Nurielite\Documentation\Help\Working\Output\HtmlHelp1\icons\protproperty.gif
C:\Program Files (x86)\EWSoftware\Sandcastle Help File Builder\PresentationStyles\VS2013\icons\protstructure.gif -&gt; D:\Workbench\Projectum\Nurielite\Documentation\Help\Working\Output\HtmlHelp1\icons\protstructure.gif
C:\Program Files (x86)\EWSoftware\Sandcastle Help File Builder\PresentationStyles\VS2013\icons\pubclass.gif -&gt; D:\Workbench\Projectum\Nurielite\Documentation\Help\Working\Output\HtmlHelp1\icons\pubclass.gif
C:\Program Files (x86)\EWSoftware\Sandcastle Help File Builder\PresentationStyles\VS2013\icons\pubdelegate.gif -&gt; D:\Workbench\Projectum\Nurielite\Documentation\Help\Working\Output\HtmlHelp1\icons\pubdelegate.gif
C:\Program Files (x86)\EWSoftware\Sandcastle Help File Builder\PresentationStyles\VS2013\icons\pubenumeration.gif -&gt; D:\Workbench\Projectum\Nurielite\Documentation\Help\Working\Output\HtmlHelp1\icons\pubenumeration.gif
C:\Program Files (x86)\EWSoftware\Sandcastle Help File Builder\PresentationStyles\VS2013\icons\pubevent.gif -&gt; D:\Workbench\Projectum\Nurielite\Documentation\Help\Working\Output\HtmlHelp1\icons\pubevent.gif
C:\Program Files (x86)\EWSoftware\Sandcastle Help File Builder\PresentationStyles\VS2013\icons\pubextension.gif -&gt; D:\Workbench\Projectum\Nurielite\Documentation\Help\Working\Output\HtmlHelp1\icons\pubextension.gif
C:\Program Files (x86)\EWSoftware\Sandcastle Help File Builder\PresentationStyles\VS2013\icons\pubfield.gif -&gt; D:\Workbench\Projectum\Nurielite\Documentation\Help\Working\Output\HtmlHelp1\icons\pubfield.gif
C:\Program Files (x86)\EWSoftware\Sandcastle Help File Builder\PresentationStyles\VS2013\icons\pubinterface.gif -&gt; D:\Workbench\Projectum\Nurielite\Documentation\Help\Working\Output\HtmlHelp1\icons\pubinterface.gif
C:\Program Files (x86)\EWSoftware\Sandcastle Help File Builder\PresentationStyles\VS2013\icons\pubmethod.gif -&gt; D:\Workbench\Projectum\Nurielite\Documentation\Help\Working\Output\HtmlHelp1\icons\pubmethod.gif
C:\Program Files (x86)\EWSoftware\Sandcastle Help File Builder\PresentationStyles\VS2013\icons\puboperator.gif -&gt; D:\Workbench\Projectum\Nurielite\Documentation\Help\Working\Output\HtmlHelp1\icons\puboperator.gif
C:\Program Files (x86)\EWSoftware\Sandcastle Help File Builder\PresentationStyles\VS2013\icons\pubproperty.gif -&gt; D:\Workbench\Projectum\Nurielite\Documentation\Help\Working\Output\HtmlHelp1\icons\pubproperty.gif
C:\Program Files (x86)\EWSoftware\Sandcastle Help File Builder\PresentationStyles\VS2013\icons\pubstructure.gif -&gt; D:\Workbench\Projectum\Nurielite\Documentation\Help\Working\Output\HtmlHelp1\icons\pubstructure.gif
C:\Program Files (x86)\EWSoftware\Sandcastle Help File Builder\PresentationStyles\VS2013\icons\SectionCollapsed.png -&gt; D:\Workbench\Projectum\Nurielite\Documentation\Help\Working\Output\HtmlHelp1\icons\SectionCollapsed.png
C:\Program Files (x86)\EWSoftware\Sandcastle Help File Builder\PresentationStyles\VS2013\icons\SectionExpanded.png -&gt; D:\Workbench\Projectum\Nurielite\Documentation\Help\Working\Output\HtmlHelp1\icons\SectionExpanded.png
C:\Program Files (x86)\EWSoftware\Sandcastle Help File Builder\PresentationStyles\VS2013\icons\slMobile.gif -&gt; D:\Workbench\Projectum\Nurielite\Documentation\Help\Working\Output\HtmlHelp1\icons\slMobile.gif
C:\Program Files (x86)\EWSoftware\Sandcastle Help File Builder\PresentationStyles\VS2013\icons\static.gif -&gt; D:\Workbench\Projectum\Nurielite\Documentation\Help\Working\Output\HtmlHelp1\icons\static.gif
C:\Program Files (x86)\EWSoftware\Sandcastle Help File Builder\PresentationStyles\VS2013\icons\xna.gif -&gt; D:\Workbench\Projectum\Nurielite\Documentation\Help\Working\Output\HtmlHelp1\icons\xna.gif
C:\Program Files (x86)\EWSoftware\Sandcastle Help File Builder\PresentationStyles\VS2013\scripts\branding.js -&gt; D:\Workbench\Projectum\Nurielite\Documentation\Help\Working\Output\HtmlHelp1\scripts\branding.js
C:\Program Files (x86)\EWSoftware\Sandcastle Help File Builder\PresentationStyles\VS2013\styles\branding-cs-CZ.css -&gt; D:\Workbench\Projectum\Nurielite\Documentation\Help\Working\Output\HtmlHelp1\styles\branding-cs-CZ.css
C:\Program Files (x86)\EWSoftware\Sandcastle Help File Builder\PresentationStyles\VS2013\styles\branding-de-DE.css -&gt; D:\Workbench\Projectum\Nurielite\Documentation\Help\Working\Output\HtmlHelp1\styles\branding-de-DE.css
C:\Program Files (x86)\EWSoftware\Sandcastle Help File Builder\PresentationStyles\VS2013\styles\branding-en-US.css -&gt; D:\Workbench\Projectum\Nurielite\Documentation\Help\Working\Output\HtmlHelp1\styles\branding-en-US.css
C:\Program Files (x86)\EWSoftware\Sandcastle Help File Builder\PresentationStyles\VS2013\styles\branding-es-ES.css -&gt; D:\Workbench\Projectum\Nurielite\Documentation\Help\Working\Output\HtmlHelp1\styles\branding-es-ES.css
C:\Program Files (x86)\EWSoftware\Sandcastle Help File Builder\PresentationStyles\VS2013\styles\branding-fr-FR.css -&gt; D:\Workbench\Projectum\Nurielite\Documentation\Help\Working\Output\HtmlHelp1\styles\branding-fr-FR.css
C:\Program Files (x86)\EWSoftware\Sandcastle Help File Builder\PresentationStyles\VS2013\styles\branding-Help1.css -&gt; D:\Workbench\Projectum\Nurielite\Documentation\Help\Working\Output\HtmlHelp1\styles\branding-Help1.css
C:\Program Files (x86)\EWSoftware\Sandcastle Help File Builder\PresentationStyles\VS2013\styles\branding-Help2.css -&gt; D:\Workbench\Projectum\Nurielite\Documentation\Help\Working\Output\HtmlHelp1\styles\branding-Help2.css
C:\Program Files (x86)\EWSoftware\Sandcastle Help File Builder\PresentationStyles\VS2013\styles\branding-HelpViewer.css -&gt; D:\Workbench\Projectum\Nurielite\Documentation\Help\Working\Output\HtmlHelp1\styles\branding-HelpViewer.css
C:\Program Files (x86)\EWSoftware\Sandcastle Help File Builder\PresentationStyles\VS2013\styles\branding-it-IT.css -&gt; D:\Workbench\Projectum\Nurielite\Documentation\Help\Working\Output\HtmlHelp1\styles\branding-it-IT.css
C:\Program Files (x86)\EWSoftware\Sandcastle Help File Builder\PresentationStyles\VS2013\styles\branding-ja-JP.css -&gt; D:\Workbench\Projectum\Nurielite\Documentation\Help\Working\Output\HtmlHelp1\styles\branding-ja-JP.css
C:\Program Files (x86)\EWSoftware\Sandcastle Help File Builder\PresentationStyles\VS2013\styles\branding-ko-KR.css -&gt; D:\Workbench\Projectum\Nurielite\Documentation\Help\Working\Output\HtmlHelp1\styles\branding-ko-KR.css
C:\Program Files (x86)\EWSoftware\Sandcastle Help File Builder\PresentationStyles\VS2013\styles\branding-pl-PL.css -&gt; D:\Workbench\Projectum\Nurielite\Documentation\Help\Working\Output\HtmlHelp1\styles\branding-pl-PL.css
C:\Program Files (x86)\EWSoftware\Sandcastle Help File Builder\PresentationStyles\VS2013\styles\branding-pt-BR.css -&gt; D:\Workbench\Projectum\Nurielite\Documentation\Help\Working\Output\HtmlHelp1\styles\branding-pt-BR.css
C:\Program Files (x86)\EWSoftware\Sandcastle Help File Builder\PresentationStyles\VS2013\styles\branding-ru-RU.css -&gt; D:\Workbench\Projectum\Nurielite\Documentation\Help\Working\Output\HtmlHelp1\styles\branding-ru-RU.css
C:\Program Files (x86)\EWSoftware\Sandcastle Help File Builder\PresentationStyles\VS2013\styles\branding-tr-TR.css -&gt; D:\Workbench\Projectum\Nurielite\Documentation\Help\Working\Output\HtmlHelp1\styles\branding-tr-TR.css
C:\Program Files (x86)\EWSoftware\Sandcastle Help File Builder\PresentationStyles\VS2013\styles\branding-Website.css -&gt; D:\Workbench\Projectum\Nurielite\Documentation\Help\Working\Output\HtmlHelp1\styles\branding-Website.css
C:\Program Files (x86)\EWSoftware\Sandcastle Help File Builder\PresentationStyles\VS2013\styles\branding-zh-CN.css -&gt; D:\Workbench\Projectum\Nurielite\Documentation\Help\Working\Output\HtmlHelp1\styles\branding-zh-CN.css
C:\Program Files (x86)\EWSoftware\Sandcastle Help File Builder\PresentationStyles\VS2013\styles\branding-zh-TW.css -&gt; D:\Workbench\Projectum\Nurielite\Documentation\Help\Working\Output\HtmlHelp1\styles\branding-zh-TW.css
C:\Program Files (x86)\EWSoftware\Sandcastle Help File Builder\PresentationStyles\VS2013\styles\branding.css -&gt; D:\Workbench\Projectum\Nurielite\Documentation\Help\Working\Output\HtmlHelp1\styles\branding.css
    Last step completed in 00:00:00.2747
</buildStep>
<buildStep step="GenerateHelpFormatTableOfContents">
Generating HTML Help 1 table of contents file...
    Last step completed in 00:00:00.0005
</buildStep>
<buildStep step="GenerateHelpFileIndex">
Generating HTML Help 1 index file...
    Last step completed in 00:00:00.0005
</buildStep>
<buildStep step="GenerateHelpProject">
Generating HTML Help 1 project file...
    Last step completed in 00:00:00.0080
</buildStep>
<buildStep step="CompilingHelpFile">
Compiling HTML Help 1 file...
[C:\Windows\Microsoft.NET\Framework64\v4.0.30319\MSBuild.exe]
  Microsoft HTML Help Compiler 4.74.8702
  
  
  
  Compiling d:\Workbench\Projectum\Nurielite\Documentation\Help\Working\Output\HtmlHelp1\Documentation.chm
  
  
  
  
  
  Compile time: 0 minutes, 3 seconds
  
  179	Topics
  
  1,844	Local links
  
  10,448	Internet links
  
  0	Graphics
  
  
  
  
  
  Created d:\Workbench\Projectum\Nurielite\Documentation\Help\Working\Output\HtmlHelp1\Documentation.chm, 485,367 bytes
  
  Compression decreased file by 3,053,563 bytes.
  
    Last step completed in 00:00:06.0387
</buildStep>
<buildStep step="CleanIntermediates">
Removing intermediate files...
    Last step completed in 00:00:00.1418
</buildStep>
<buildStep step="Completed">

Build completed successfully at 06.06.2016 12:54:37.  Total time: 00:05:45.1789

</buildStep>
</shfbBuild>
